nohup: ignoring input
Using device: cuda
GPU memory before training: 0.00GB
Loading dataset...
Dataset loaded with 387 batches
Initializing model...
Total parameters: 7,018,049
GPU memory after model load: 0.03GB
Starting training...
🎉 New best model! Loss: 0.113302 (Epoch 1)
Best model saved: ./Checkpoints/synthrad_safe_l4/best_model.pt
[Epoch 1/2000] [ETA: 2 days, 14:05:54.079672] [Duration: 0:01:51.832942] [Loss: 0.113302] [Best: 0.113302 @ Epoch 1] [GPU: 0.12GB]
🎉 New best model! Loss: 0.003483 (Epoch 2)
Best model saved: ./Checkpoints/synthrad_safe_l4/best_model.pt
[Epoch 2/2000] [ETA: 2 days, 13:57:28.587310] [Duration: 0:01:51.635919] [Loss: 0.003483] [Best: 0.003483 @ Epoch 2] [GPU: 0.12GB]
🎉 New best model! Loss: 0.003031 (Epoch 3)
Best model saved: ./Checkpoints/synthrad_safe_l4/best_model.pt
[Epoch 3/2000] [ETA: 2 days, 14:16:54.668309] [Duration: 0:01:52.275728] [Loss: 0.003031] [Best: 0.003031 @ Epoch 3] [GPU: 0.12GB]
🎉 New best model! Loss: 0.002474 (Epoch 4)
Best model saved: ./Checkpoints/synthrad_safe_l4/best_model.pt
[Epoch 4/2000] [ETA: 2 days, 14:04:50.759030] [Duration: 0:01:51.969307] [Loss: 0.002474] [Best: 0.002474 @ Epoch 4] [GPU: 0.12GB]
🎉 New best model! Loss: 0.002055 (Epoch 5)
Best model saved: ./Checkpoints/synthrad_safe_l4/best_model.pt
[Epoch 5/2000] [ETA: 2 days, 13:33:47.783740] [Duration: 0:01:51.091608] [Loss: 0.002055] [Best: 0.002055 @ Epoch 5] [GPU: 0.12GB]
[Epoch 6/2000] [ETA: 2 days, 13:16:03.516530] [Duration: 0:01:50.613590] [Loss: 0.002106] [Best: 0.002055 @ Epoch 5] [GPU: 0.12GB]
🎉 New best model! Loss: 0.001709 (Epoch 7)
Best model saved: ./Checkpoints/synthrad_safe_l4/best_model.pt
[Epoch 7/2000] [ETA: 2 days, 13:03:03.829002] [Duration: 0:01:50.277876] [Loss: 0.001709] [Best: 0.001709 @ Epoch 7] [GPU: 0.12GB]
[Epoch 8/2000] [ETA: 2 days, 13:05:55.294676] [Duration: 0:01:50.419316] [Loss: 0.002544] [Best: 0.001709 @ Epoch 7] [GPU: 0.12GB]
[Epoch 9/2000] [ETA: 2 days, 12:56:36.735823] [Duration: 0:01:50.194233] [Loss: 0.002366] [Best: 0.001709 @ Epoch 7] [GPU: 0.12GB]
[Epoch 10/2000] [ETA: 2 days, 12:58:54.964209] [Duration: 0:01:50.319068] [Loss: 0.002024] [Best: 0.001709 @ Epoch 7] [GPU: 0.12GB]
[Epoch 11/2000] [ETA: 2 days, 12:49:47.176515] [Duration: 0:01:50.099116] [Loss: 0.002067] [Best: 0.001709 @ Epoch 7] [GPU: 0.12GB]
🎉 New best model! Loss: 0.001371 (Epoch 12)
Best model saved: ./Checkpoints/synthrad_safe_l4/best_model.pt
[Epoch 12/2000] [ETA: 2 days, 12:40:10.053054] [Duration: 0:01:49.864201] [Loss: 0.001371] [Best: 0.001371 @ Epoch 12] [GPU: 0.12GB]
🎉 New best model! Loss: 0.001295 (Epoch 13)
Best model saved: ./Checkpoints/synthrad_safe_l4/best_model.pt
[Epoch 13/2000] [ETA: 2 days, 12:45:59.946559] [Duration: 0:01:50.095577] [Loss: 0.001295] [Best: 0.001295 @ Epoch 13] [GPU: 0.12GB]
🎉 New best model! Loss: 0.001132 (Epoch 14)
Best model saved: ./Checkpoints/synthrad_safe_l4/best_model.pt
[Epoch 14/2000] [ETA: 2 days, 12:47:07.124366] [Duration: 0:01:50.184845] [Loss: 0.001132] [Best: 0.001132 @ Epoch 14] [GPU: 0.12GB]
[Epoch 15/2000] [ETA: 2 days, 12:58:09.953419] [Duration: 0:01:50.574275] [Loss: 0.001385] [Best: 0.001132 @ Epoch 14] [GPU: 0.12GB]
[Epoch 16/2000] [ETA: 2 days, 12:34:50.357925] [Duration: 0:01:49.924553] [Loss: 0.001383] [Best: 0.001132 @ Epoch 14] [GPU: 0.12GB]
[Epoch 17/2000] [ETA: 2 days, 12:35:52.645883] [Duration: 0:01:50.011401] [Loss: 0.001932] [Best: 0.001132 @ Epoch 14] [GPU: 0.12GB]
[Epoch 18/2000] [ETA: 2 days, 12:29:20.454316] [Duration: 0:01:49.869026] [Loss: 0.001513] [Best: 0.001132 @ Epoch 14] [GPU: 0.12GB]
[Epoch 19/2000] [ETA: 2 days, 12:37:27.193338] [Duration: 0:01:50.170202] [Loss: 0.001291] [Best: 0.001132 @ Epoch 14] [GPU: 0.12GB]
🎉 New best model! Loss: 0.000970 (Epoch 20)
Best model saved: ./Checkpoints/synthrad_safe_l4/best_model.pt
[Epoch 20/2000] [ETA: 2 days, 12:21:32.885299] [Duration: 0:01:49.743866] [Loss: 0.000970] [Best: 0.000970 @ Epoch 20] [GPU: 0.12GB]
[Epoch 21/2000] [ETA: 2 days, 12:44:43.618607] [Duration: 0:01:50.502068] [Loss: 0.001398] [Best: 0.000970 @ Epoch 20] [GPU: 0.12GB]
[Epoch 22/2000] [ETA: 2 days, 12:36:48.350057] [Duration: 0:01:50.317647] [Loss: 0.001059] [Best: 0.000970 @ Epoch 20] [GPU: 0.12GB]
[Epoch 23/2000] [ETA: 2 days, 12:38:51.601260] [Duration: 0:01:50.435792] [Loss: 0.001139] [Best: 0.000970 @ Epoch 20] [GPU: 0.12GB]
🎉 New best model! Loss: 0.000790 (Epoch 24)
Best model saved: ./Checkpoints/synthrad_safe_l4/best_model.pt
[Epoch 24/2000] [ETA: 2 days, 12:32:52.771418] [Duration: 0:01:50.310087] [Loss: 0.000790] [Best: 0.000790 @ Epoch 24] [GPU: 0.12GB]
🎉 New best model! Loss: 0.000769 (Epoch 25)
Checkpoint saved: ./Checkpoints/synthrad_safe_l4/ckpt_epoch_25.pt
Best model saved: ./Checkpoints/synthrad_safe_l4/best_model.pt
[Epoch 25/2000] [ETA: 2 days, 12:37:45.513867] [Duration: 0:01:50.514174] [Loss: 0.000769] [Best: 0.000769 @ Epoch 25] [GPU: 0.12GB]
[Epoch 26/2000] [ETA: 2 days, 12:31:00.021496] [Duration: 0:01:50.364742] [Loss: 0.000843] [Best: 0.000769 @ Epoch 25] [GPU: 0.12GB]
[Epoch 27/2000] [ETA: 2 days, 12:10:19.156528] [Duration: 0:01:49.791754] [Loss: 0.001019] [Best: 0.000769 @ Epoch 25] [GPU: 0.12GB]
[Epoch 28/2000] [ETA: 2 days, 11:53:52.551763] [Duration: 0:01:49.347128] [Loss: 0.000878] [Best: 0.000769 @ Epoch 25] [GPU: 0.12GB]
[Epoch 29/2000] [ETA: 2 days, 11:54:25.972409] [Duration: 0:01:49.419558] [Loss: 0.001588] [Best: 0.000769 @ Epoch 25] [GPU: 0.12GB]
[Epoch 30/2000] [ETA: 2 days, 12:00:42.434514] [Duration: 0:01:49.666201] [Loss: 0.000871] [Best: 0.000769 @ Epoch 25] [GPU: 0.12GB]
[Epoch 31/2000] [ETA: 2 days, 11:51:23.642568] [Duration: 0:01:49.438095] [Loss: 0.000976] [Best: 0.000769 @ Epoch 25] [GPU: 0.12GB]
[Epoch 32/2000] [ETA: 2 days, 11:54:25.868225] [Duration: 0:01:49.586301] [Loss: 0.001019] [Best: 0.000769 @ Epoch 25] [GPU: 0.12GB]
🎉 New best model! Loss: 0.000730 (Epoch 33)
Best model saved: ./Checkpoints/synthrad_safe_l4/best_model.pt
[Epoch 33/2000] [ETA: 2 days, 11:54:07.532089] [Duration: 0:01:49.632694] [Loss: 0.000730] [Best: 0.000730 @ Epoch 33] [GPU: 0.12GB]
🎉 New best model! Loss: 0.000687 (Epoch 34)
Best model saved: ./Checkpoints/synthrad_safe_l4/best_model.pt
[Epoch 34/2000] [ETA: 2 days, 11:57:55.977189] [Duration: 0:01:49.804657] [Loss: 0.000687] [Best: 0.000687 @ Epoch 34] [GPU: 0.12GB]
[Epoch 35/2000] [ETA: 2 days, 12:06:24.910108] [Duration: 0:01:50.119536] [Loss: 0.000948] [Best: 0.000687 @ Epoch 34] [GPU: 0.12GB]
🎉 New best model! Loss: 0.000624 (Epoch 36)
Best model saved: ./Checkpoints/synthrad_safe_l4/best_model.pt
[Epoch 36/2000] [ETA: 2 days, 11:53:31.218326] [Duration: 0:01:49.781664] [Loss: 0.000624] [Best: 0.000624 @ Epoch 36] [GPU: 0.12GB]
[Epoch 37/2000] [ETA: 2 days, 12:05:25.882288] [Duration: 0:01:50.201659] [Loss: 0.000744] [Best: 0.000624 @ Epoch 36] [GPU: 0.12GB]
[Epoch 38/2000] [ETA: 2 days, 11:42:25.411840] [Duration: 0:01:49.554227] [Loss: 0.001258] [Best: 0.000624 @ Epoch 36] [GPU: 0.12GB]
[Epoch 39/2000] [ETA: 2 days, 11:42:56.726587] [Duration: 0:01:49.626053] [Loss: 0.000839] [Best: 0.000624 @ Epoch 36] [GPU: 0.12GB]
[Epoch 40/2000] [ETA: 2 days, 11:38:18.739185] [Duration: 0:01:49.540164] [Loss: 0.000736] [Best: 0.000624 @ Epoch 36] [GPU: 0.12GB]
[Epoch 41/2000] [ETA: 2 days, 11:43:07.730403] [Duration: 0:01:49.743590] [Loss: 0.000818] [Best: 0.000624 @ Epoch 36] [GPU: 0.12GB]
[Epoch 42/2000] [ETA: 2 days, 12:05:01.947156] [Duration: 0:01:50.470839] [Loss: 0.001497] [Best: 0.000624 @ Epoch 36] [GPU: 0.12GB]
🎉 New best model! Loss: 0.000575 (Epoch 43)
Best model saved: ./Checkpoints/synthrad_safe_l4/best_model.pt
[Epoch 43/2000] [ETA: 2 days, 11:55:22.866156] [Duration: 0:01:50.231394] [Loss: 0.000575] [Best: 0.000575 @ Epoch 43] [GPU: 0.12GB]
[Epoch 44/2000] [ETA: 2 days, 11:46:32.478252] [Duration: 0:01:50.016589] [Loss: 0.000825] [Best: 0.000575 @ Epoch 43] [GPU: 0.12GB]
[Epoch 45/2000] [ETA: 2 days, 11:22:11.844733] [Duration: 0:01:49.325743] [Loss: 0.001181] [Best: 0.000575 @ Epoch 43] [GPU: 0.12GB]
[Epoch 46/2000] [ETA: 2 days, 11:26:00.447965] [Duration: 0:01:49.498658] [Loss: 0.001006] [Best: 0.000575 @ Epoch 43] [GPU: 0.12GB]
[Epoch 47/2000] [ETA: 2 days, 11:18:47.207806] [Duration: 0:01:49.332915] [Loss: 0.000972] [Best: 0.000575 @ Epoch 43] [GPU: 0.12GB]
[Epoch 48/2000] [ETA: 2 days, 11:22:02.412277] [Duration: 0:01:49.488932] [Loss: 0.000955] [Best: 0.000575 @ Epoch 43] [GPU: 0.12GB]
[Epoch 49/2000] [ETA: 2 days, 11:15:21.861654] [Duration: 0:01:49.339738] [Loss: 0.000770] [Best: 0.000575 @ Epoch 43] [GPU: 0.12GB]
Checkpoint saved: ./Checkpoints/synthrad_safe_l4/ckpt_epoch_50.pt
[Epoch 50/2000] [ETA: 2 days, 11:12:25.586979] [Duration: 0:01:49.305420] [Loss: 0.000766] [Best: 0.000575 @ Epoch 43] [GPU: 0.12GB]
[Epoch 51/2000] [ETA: 2 days, 11:16:13.554928] [Duration: 0:01:49.478460] [Loss: 0.000662] [Best: 0.000575 @ Epoch 43] [GPU: 0.12GB]
[Epoch 52/2000] [ETA: 2 days, 11:20:58.887552] [Duration: 0:01:49.681142] [Loss: 0.000853] [Best: 0.000575 @ Epoch 43] [GPU: 0.12GB]
[Epoch 53/2000] [ETA: 2 days, 10:38:53.247829] [Duration: 0:01:48.440268] [Loss: 0.000702] [Best: 0.000575 @ Epoch 43] [GPU: 0.12GB]
[Epoch 54/2000] [ETA: 2 days, 10:43:35.890390] [Duration: 0:01:48.641240] [Loss: 0.000938] [Best: 0.000575 @ Epoch 43] [GPU: 0.12GB]
[Epoch 55/2000] [ETA: 2 days, 10:40:17.491151] [Duration: 0:01:48.595090] [Loss: 0.000722] [Best: 0.000575 @ Epoch 43] [GPU: 0.12GB]
[Epoch 56/2000] [ETA: 2 days, 10:31:51.661898] [Duration: 0:01:48.390763] [Loss: 0.000940] [Best: 0.000575 @ Epoch 43] [GPU: 0.12GB]
[Epoch 57/2000] [ETA: 2 days, 10:33:28.980258] [Duration: 0:01:48.496630] [Loss: 0.000784] [Best: 0.000575 @ Epoch 43] [GPU: 0.12GB]
[Epoch 58/2000] [ETA: 2 days, 10:27:04.150653] [Duration: 0:01:48.354333] [Loss: 0.000700] [Best: 0.000575 @ Epoch 43] [GPU: 0.12GB]
[Epoch 59/2000] [ETA: 2 days, 10:29:49.847118] [Duration: 0:01:48.495532] [Loss: 0.000732] [Best: 0.000575 @ Epoch 43] [GPU: 0.12GB]
[Epoch 60/2000] [ETA: 2 days, 10:23:25.637612] [Duration: 0:01:48.353412] [Loss: 0.000757] [Best: 0.000575 @ Epoch 43] [GPU: 0.12GB]
🎉 New best model! Loss: 0.000546 (Epoch 61)
Best model saved: ./Checkpoints/synthrad_safe_l4/best_model.pt
[Epoch 61/2000] [ETA: 2 days, 10:22:24.906906] [Duration: 0:01:48.377958] [Loss: 0.000546] [Best: 0.000546 @ Epoch 61] [GPU: 0.12GB]
[Epoch 62/2000] [ETA: 2 days, 11:10:50.609294] [Duration: 0:01:49.933226] [Loss: 0.000733] [Best: 0.000546 @ Epoch 61] [GPU: 0.12GB]
[Epoch 63/2000] [ETA: 2 days, 11:07:55.020952] [Duration: 0:01:49.899322] [Loss: 0.000619] [Best: 0.000546 @ Epoch 61] [GPU: 0.12GB]
[Epoch 64/2000] [ETA: 2 days, 10:48:44.680580] [Duration: 0:01:49.361913] [Loss: 0.000679] [Best: 0.000546 @ Epoch 61] [GPU: 0.12GB]
[Epoch 65/2000] [ETA: 2 days, 10:54:07.361215] [Duration: 0:01:49.585188] [Loss: 0.000589] [Best: 0.000546 @ Epoch 61] [GPU: 0.12GB]
[Epoch 66/2000] [ETA: 2 days, 11:01:41.748838] [Duration: 0:01:49.876800] [Loss: 0.000684] [Best: 0.000546 @ Epoch 61] [GPU: 0.12GB]
[Epoch 67/2000] [ETA: 2 days, 11:49:50.307818] [Duration: 0:01:51.427981] [Loss: 0.000796] [Best: 0.000546 @ Epoch 61] [GPU: 0.12GB]
[Epoch 68/2000] [ETA: 2 days, 11:09:25.101643] [Duration: 0:01:50.230366] [Loss: 0.000938] [Best: 0.000546 @ Epoch 61] [GPU: 0.12GB]
[Epoch 69/2000] [ETA: 2 days, 11:11:45.348556] [Duration: 0:01:50.360085] [Loss: 0.000623] [Best: 0.000546 @ Epoch 61] [GPU: 0.12GB]
[Epoch 70/2000] [ETA: 2 days, 11:29:00.277610] [Duration: 0:01:50.953503] [Loss: 0.000697] [Best: 0.000546 @ Epoch 61] [GPU: 0.12GB]
[Epoch 71/2000] [ETA: 2 days, 11:01:58.677500] [Duration: 0:01:50.170377] [Loss: 0.001011] [Best: 0.000546 @ Epoch 61] [GPU: 0.12GB]
[Epoch 72/2000] [ETA: 2 days, 11:01:25.959381] [Duration: 0:01:50.210543] [Loss: 0.000918] [Best: 0.000546 @ Epoch 61] [GPU: 0.12GB]
[Epoch 73/2000] [ETA: 2 days, 11:04:08.299402] [Duration: 0:01:50.351984] [Loss: 0.000795] [Best: 0.000546 @ Epoch 61] [GPU: 0.12GB]
[Epoch 74/2000] [ETA: 2 days, 10:55:05.186734] [Duration: 0:01:50.127290] [Loss: 0.000686] [Best: 0.000546 @ Epoch 61] [GPU: 0.12GB]
Checkpoint saved: ./Checkpoints/synthrad_safe_l4/ckpt_epoch_75.pt
[Epoch 75/2000] [ETA: 2 days, 10:54:35.343645] [Duration: 0:01:50.169000] [Loss: 0.000620] [Best: 0.000546 @ Epoch 61] [GPU: 0.12GB]
[Epoch 76/2000] [ETA: 2 days, 10:51:14.536216] [Duration: 0:01:50.121891] [Loss: 0.000619] [Best: 0.000546 @ Epoch 61] [GPU: 0.12GB]
[Epoch 77/2000] [ETA: 2 days, 10:42:34.238435] [Duration: 0:01:49.908584] [Loss: 0.000773] [Best: 0.000546 @ Epoch 61] [GPU: 0.12GB]
[Epoch 78/2000] [ETA: 2 days, 10:38:35.395619] [Duration: 0:01:49.841508] [Loss: 0.000623] [Best: 0.000546 @ Epoch 61] [GPU: 0.12GB]
🎉 New best model! Loss: 0.000458 (Epoch 79)
Best model saved: ./Checkpoints/synthrad_safe_l4/best_model.pt
[Epoch 79/2000] [ETA: 2 days, 10:55:55.845589] [Duration: 0:01:50.440304] [Loss: 0.000458] [Best: 0.000458 @ Epoch 79] [GPU: 0.12GB]
[Epoch 80/2000] [ETA: 2 days, 10:45:03.519287] [Duration: 0:01:50.158074] [Loss: 0.000672] [Best: 0.000458 @ Epoch 79] [GPU: 0.12GB]
[Epoch 81/2000] [ETA: 2 days, 10:38:20.326802] [Duration: 0:01:50.005356] [Loss: 0.000612] [Best: 0.000458 @ Epoch 79] [GPU: 0.12GB]
[Epoch 82/2000] [ETA: 2 days, 10:40:05.361927] [Duration: 0:01:50.117477] [Loss: 0.000606] [Best: 0.000458 @ Epoch 79] [GPU: 0.12GB]
[Epoch 83/2000] [ETA: 2 days, 10:30:58.355047] [Duration: 0:01:49.889580] [Loss: 0.000729] [Best: 0.000458 @ Epoch 79] [GPU: 0.12GB]
[Epoch 84/2000] [ETA: 2 days, 10:33:49.785493] [Duration: 0:01:50.036411] [Loss: 0.000564] [Best: 0.000458 @ Epoch 79] [GPU: 0.12GB]
[Epoch 85/2000] [ETA: 2 days, 10:31:53.896279] [Duration: 0:01:50.033352] [Loss: 0.000480] [Best: 0.000458 @ Epoch 79] [GPU: 0.12GB]
[Epoch 86/2000] [ETA: 2 days, 10:26:01.810571] [Duration: 0:01:49.906893] [Loss: 0.000512] [Best: 0.000458 @ Epoch 79] [GPU: 0.12GB]
[Epoch 87/2000] [ETA: 2 days, 10:18:03.219485] [Duration: 0:01:49.714167] [Loss: 0.000849] [Best: 0.000458 @ Epoch 79] [GPU: 0.12GB]
[Epoch 88/2000] [ETA: 2 days, 10:18:35.216452] [Duration: 0:01:49.788279] [Loss: 0.000507] [Best: 0.000458 @ Epoch 79] [GPU: 0.12GB]
[Epoch 89/2000] [ETA: 2 days, 10:23:49.823024] [Duration: 0:01:50.010357] [Loss: 0.000484] [Best: 0.000458 @ Epoch 79] [GPU: 0.12GB]
[Epoch 90/2000] [ETA: 2 days, 10:01:31.354992] [Duration: 0:01:49.367189] [Loss: 0.000493] [Best: 0.000458 @ Epoch 79] [GPU: 0.12GB]
[Epoch 91/2000] [ETA: 2 days, 9:57:25.985268] [Duration: 0:01:49.295950] [Loss: 0.000629] [Best: 0.000458 @ Epoch 79] [GPU: 0.12GB]
[Epoch 92/2000] [ETA: 2 days, 9:58:21.350876] [Duration: 0:01:49.382250] [Loss: 0.000664] [Best: 0.000458 @ Epoch 79] [GPU: 0.12GB]
[Epoch 93/2000] [ETA: 2 days, 9:55:53.772729] [Duration: 0:01:49.362213] [Loss: 0.000566] [Best: 0.000458 @ Epoch 79] [GPU: 0.12GB]
[Epoch 94/2000] [ETA: 2 days, 10:02:57.728267] [Duration: 0:01:49.642021] [Loss: 0.000615] [Best: 0.000458 @ Epoch 79] [GPU: 0.12GB]
[Epoch 95/2000] [ETA: 2 days, 10:10:07.016813] [Duration: 0:01:49.924928] [Loss: 0.000501] [Best: 0.000458 @ Epoch 79] [GPU: 0.12GB]
[Epoch 96/2000] [ETA: 2 days, 10:16:50.283001] [Duration: 0:01:50.194456] [Loss: 0.000679] [Best: 0.000458 @ Epoch 79] [GPU: 0.12GB]
[Epoch 97/2000] [ETA: 2 days, 10:20:19.572442] [Duration: 0:01:50.362339] [Loss: 0.000657] [Best: 0.000458 @ Epoch 79] [GPU: 0.12GB]
[Epoch 98/2000] [ETA: 2 days, 10:10:52.555477] [Duration: 0:01:50.122260] [Loss: 0.000464] [Best: 0.000458 @ Epoch 79] [GPU: 0.12GB]
[Epoch 99/2000] [ETA: 2 days, 10:08:40.972138] [Duration: 0:01:50.110971] [Loss: 0.000650] [Best: 0.000458 @ Epoch 79] [GPU: 0.12GB]
Checkpoint saved: ./Checkpoints/synthrad_safe_l4/ckpt_epoch_100.pt
[Epoch 100/2000] [ETA: 2 days, 9:58:38.154478] [Duration: 0:01:49.851647] [Loss: 0.000597] [Best: 0.000458 @ Epoch 79] [GPU: 0.12GB]
[Epoch 101/2000] [ETA: 2 days, 9:53:12.111860] [Duration: 0:01:49.737803] [Loss: 0.000514] [Best: 0.000458 @ Epoch 79] [GPU: 0.12GB]
[Epoch 102/2000] [ETA: 2 days, 10:16:19.261226] [Duration: 0:01:50.526462] [Loss: 0.000617] [Best: 0.000458 @ Epoch 79] [GPU: 0.12GB]
[Epoch 103/2000] [ETA: 2 days, 9:53:06.842842] [Duration: 0:01:49.850722] [Loss: 0.000551] [Best: 0.000458 @ Epoch 79] [GPU: 0.12GB]
[Epoch 104/2000] [ETA: 2 days, 9:35:53.683073] [Duration: 0:01:49.363748] [Loss: 0.000778] [Best: 0.000458 @ Epoch 79] [GPU: 0.12GB]
[Epoch 105/2000] [ETA: 2 days, 9:32:56.750339] [Duration: 0:01:49.328087] [Loss: 0.000554] [Best: 0.000458 @ Epoch 79] [GPU: 0.12GB]
[Epoch 106/2000] [ETA: 2 days, 9:31:50.870448] [Duration: 0:01:49.351030] [Loss: 0.000699] [Best: 0.000458 @ Epoch 79] [GPU: 0.12GB]
🎉 New best model! Loss: 0.000434 (Epoch 107)
Best model saved: ./Checkpoints/synthrad_safe_l4/best_model.pt
[Epoch 107/2000] [ETA: 2 days, 9:29:25.167325] [Duration: 0:01:49.331823] [Loss: 0.000434] [Best: 0.000434 @ Epoch 107] [GPU: 0.12GB]
[Epoch 108/2000] [ETA: 2 days, 9:50:53.808475] [Duration: 0:01:50.070714] [Loss: 0.000593] [Best: 0.000434 @ Epoch 107] [GPU: 0.12GB]
[Epoch 109/2000] [ETA: 2 days, 9:47:06.618765] [Duration: 0:01:50.008779] [Loss: 0.000503] [Best: 0.000434 @ Epoch 107] [GPU: 0.12GB]
[Epoch 110/2000] [ETA: 2 days, 9:28:01.801829] [Duration: 0:01:49.461248] [Loss: 0.000671] [Best: 0.000434 @ Epoch 107] [GPU: 0.12GB]
[Epoch 111/2000] [ETA: 2 days, 9:37:52.525981] [Duration: 0:01:49.831927] [Loss: 0.000497] [Best: 0.000434 @ Epoch 107] [GPU: 0.12GB]
[Epoch 112/2000] [ETA: 2 days, 9:37:42.445152] [Duration: 0:01:49.884761] [Loss: 0.000571] [Best: 0.000434 @ Epoch 107] [GPU: 0.12GB]
[Epoch 113/2000] [ETA: 2 days, 9:28:48.803023] [Duration: 0:01:49.660188] [Loss: 0.000614] [Best: 0.000434 @ Epoch 107] [GPU: 0.12GB]
[Epoch 114/2000] [ETA: 2 days, 9:30:29.901309] [Duration: 0:01:49.771937] [Loss: 0.000978] [Best: 0.000434 @ Epoch 107] [GPU: 0.12GB]
[Epoch 115/2000] [ETA: 2 days, 9:24:33.226637] [Duration: 0:01:49.640953] [Loss: 0.000507] [Best: 0.000434 @ Epoch 107] [GPU: 0.12GB]
[Epoch 116/2000] [ETA: 2 days, 9:17:36.342093] [Duration: 0:01:49.477879] [Loss: 0.000628] [Best: 0.000434 @ Epoch 107] [GPU: 0.12GB]
[Epoch 117/2000] [ETA: 2 days, 9:03:54.841002] [Duration: 0:01:49.099742] [Loss: 0.000564] [Best: 0.000434 @ Epoch 107] [GPU: 0.12GB]
[Epoch 118/2000] [ETA: 2 days, 9:16:26.802426] [Duration: 0:01:49.557262] [Loss: 0.000543] [Best: 0.000434 @ Epoch 107] [GPU: 0.12GB]
[Epoch 119/2000] [ETA: 2 days, 9:15:56.898421] [Duration: 0:01:49.599618] [Loss: 0.000487] [Best: 0.000434 @ Epoch 107] [GPU: 0.12GB]
[Epoch 120/2000] [ETA: 2 days, 9:00:30.958328] [Duration: 0:01:49.165395] [Loss: 0.000477] [Best: 0.000434 @ Epoch 107] [GPU: 0.12GB]
[Epoch 121/2000] [ETA: 2 days, 9:01:01.168870] [Duration: 0:01:49.239564] [Loss: 0.000529] [Best: 0.000434 @ Epoch 107] [GPU: 0.12GB]
[Epoch 122/2000] [ETA: 2 days, 8:55:00.701640] [Duration: 0:01:49.105789] [Loss: 0.000498] [Best: 0.000434 @ Epoch 107] [GPU: 0.12GB]
🎉 New best model! Loss: 0.000353 (Epoch 123)
Best model saved: ./Checkpoints/synthrad_safe_l4/best_model.pt
[Epoch 123/2000] [ETA: 2 days, 8:51:27.904696] [Duration: 0:01:49.050544] [Loss: 0.000353] [Best: 0.000353 @ Epoch 123] [GPU: 0.12GB]
[Epoch 124/2000] [ETA: 2 days, 9:22:57.045609] [Duration: 0:01:50.115681] [Loss: 0.000494] [Best: 0.000353 @ Epoch 123] [GPU: 0.12GB]
Checkpoint saved: ./Checkpoints/synthrad_safe_l4/ckpt_epoch_125.pt
[Epoch 125/2000] [ETA: 2 days, 9:10:37.821364] [Duration: 0:01:49.780150] [Loss: 0.000659] [Best: 0.000353 @ Epoch 123] [GPU: 0.12GB]
[Epoch 126/2000] [ETA: 2 days, 9:00:25.998846] [Duration: 0:01:49.512256] [Loss: 0.000404] [Best: 0.000353 @ Epoch 123] [GPU: 0.12GB]
[Epoch 127/2000] [ETA: 2 days, 8:56:35.164803] [Duration: 0:01:49.447490] [Loss: 0.000532] [Best: 0.000353 @ Epoch 123] [GPU: 0.12GB]
[Epoch 128/2000] [ETA: 2 days, 8:52:55.172424] [Duration: 0:01:49.388431] [Loss: 0.000542] [Best: 0.000353 @ Epoch 123] [GPU: 0.12GB]
[Epoch 129/2000] [ETA: 2 days, 9:03:59.701337] [Duration: 0:01:49.802075] [Loss: 0.000475] [Best: 0.000353 @ Epoch 123] [GPU: 0.12GB]
[Epoch 130/2000] [ETA: 2 days, 8:57:01.582053] [Duration: 0:01:49.637201] [Loss: 0.000509] [Best: 0.000353 @ Epoch 123] [GPU: 0.12GB]
[Epoch 131/2000] [ETA: 2 days, 8:47:17.911854] [Duration: 0:01:49.383571] [Loss: 0.000712] [Best: 0.000353 @ Epoch 123] [GPU: 0.12GB]
[Epoch 132/2000] [ETA: 2 days, 9:02:39.537430] [Duration: 0:01:49.935504] [Loss: 0.000528] [Best: 0.000353 @ Epoch 123] [GPU: 0.12GB]
[Epoch 133/2000] [ETA: 2 days, 8:53:46.832739] [Duration: 0:01:49.709056] [Loss: 0.000358] [Best: 0.000353 @ Epoch 123] [GPU: 0.12GB]
[Epoch 134/2000] [ETA: 2 days, 8:54:29.487943] [Duration: 0:01:49.790708] [Loss: 0.000460] [Best: 0.000353 @ Epoch 123] [GPU: 0.12GB]
[Epoch 135/2000] [ETA: 2 days, 8:43:43.841608] [Duration: 0:01:49.503386] [Loss: 0.000405] [Best: 0.000353 @ Epoch 123] [GPU: 0.12GB]
[Epoch 136/2000] [ETA: 2 days, 8:51:36.363131] [Duration: 0:01:49.815634] [Loss: 0.000495] [Best: 0.000353 @ Epoch 123] [GPU: 0.12GB]
[Epoch 137/2000] [ETA: 2 days, 8:43:01.675060] [Duration: 0:01:49.598311] [Loss: 0.000551] [Best: 0.000353 @ Epoch 123] [GPU: 0.12GB]
[Epoch 138/2000] [ETA: 2 days, 8:45:40.638117] [Duration: 0:01:49.742543] [Loss: 0.000504] [Best: 0.000353 @ Epoch 123] [GPU: 0.12GB]
[Epoch 139/2000] [ETA: 2 days, 8:51:41.303096] [Duration: 0:01:49.995310] [Loss: 0.000499] [Best: 0.000353 @ Epoch 123] [GPU: 0.12GB]
[Epoch 140/2000] [ETA: 2 days, 8:58:34.873567] [Duration: 0:01:50.276802] [Loss: 0.000535] [Best: 0.000353 @ Epoch 123] [GPU: 0.12GB]
[Epoch 141/2000] [ETA: 2 days, 8:57:24.570777] [Duration: 0:01:50.298299] [Loss: 0.000477] [Best: 0.000353 @ Epoch 123] [GPU: 0.12GB]
[Epoch 142/2000] [ETA: 2 days, 8:58:24.553305] [Duration: 0:01:50.389951] [Loss: 0.000613] [Best: 0.000353 @ Epoch 123] [GPU: 0.12GB]
🎉 New best model! Loss: 0.000349 (Epoch 143)
Best model saved: ./Checkpoints/synthrad_safe_l4/best_model.pt
[Epoch 143/2000] [ETA: 2 days, 8:44:04.982790] [Duration: 0:01:49.986510] [Loss: 0.000349] [Best: 0.000349 @ Epoch 143] [GPU: 0.12GB]
[Epoch 144/2000] [ETA: 2 days, 8:31:12.837708] [Duration: 0:01:49.629745] [Loss: 0.000459] [Best: 0.000349 @ Epoch 143] [GPU: 0.12GB]
[Epoch 145/2000] [ETA: 2 days, 8:33:35.876988] [Duration: 0:01:49.765954] [Loss: 0.000436] [Best: 0.000349 @ Epoch 143] [GPU: 0.12GB]
[Epoch 146/2000] [ETA: 2 days, 8:33:33.553890] [Duration: 0:01:49.823915] [Loss: 0.000494] [Best: 0.000349 @ Epoch 143] [GPU: 0.12GB]
[Epoch 147/2000] [ETA: 2 days, 8:20:55.503091] [Duration: 0:01:49.474082] [Loss: 0.000493] [Best: 0.000349 @ Epoch 143] [GPU: 0.12GB]
[Epoch 148/2000] [ETA: 2 days, 8:21:48.574149] [Duration: 0:01:49.561855] [Loss: 0.000390] [Best: 0.000349 @ Epoch 143] [GPU: 0.12GB]
🎉 New best model! Loss: 0.000346 (Epoch 149)
Best model saved: ./Checkpoints/synthrad_safe_l4/best_model.pt
[Epoch 149/2000] [ETA: 2 days, 8:16:36.789524] [Duration: 0:01:49.452604] [Loss: 0.000346] [Best: 0.000346 @ Epoch 149] [GPU: 0.12GB]
Checkpoint saved: ./Checkpoints/synthrad_safe_l4/ckpt_epoch_150.pt
[Epoch 150/2000] [ETA: 2 days, 8:17:14.121168] [Duration: 0:01:49.531942] [Loss: 0.000389] [Best: 0.000346 @ Epoch 149] [GPU: 0.12GB]
[Epoch 151/2000] [ETA: 2 days, 8:16:06.126978] [Duration: 0:01:49.554413] [Loss: 0.000502] [Best: 0.000346 @ Epoch 149] [GPU: 0.12GB]
[Epoch 152/2000] [ETA: 2 days, 8:09:10.840605] [Duration: 0:01:49.388962] [Loss: 0.000527] [Best: 0.000346 @ Epoch 149] [GPU: 0.12GB]
[Epoch 153/2000] [ETA: 2 days, 8:04:31.578249] [Duration: 0:01:49.297002] [Loss: 0.000500] [Best: 0.000346 @ Epoch 149] [GPU: 0.12GB]
[Epoch 154/2000] [ETA: 2 days, 8:10:06.985793] [Duration: 0:01:49.537898] [Loss: 0.000506] [Best: 0.000346 @ Epoch 149] [GPU: 0.12GB]
[Epoch 155/2000] [ETA: 2 days, 8:05:53.868985] [Duration: 0:01:49.460075] [Loss: 0.000420] [Best: 0.000346 @ Epoch 149] [GPU: 0.12GB]
[Epoch 156/2000] [ETA: 2 days, 8:00:34.177355] [Duration: 0:01:49.346063] [Loss: 0.000414] [Best: 0.000346 @ Epoch 149] [GPU: 0.12GB]
[Epoch 157/2000] [ETA: 2 days, 8:03:29.113849] [Duration: 0:01:49.500324] [Loss: 0.000395] [Best: 0.000346 @ Epoch 149] [GPU: 0.12GB]
[Epoch 158/2000] [ETA: 2 days, 8:05:01.782299] [Duration: 0:01:49.610076] [Loss: 0.000620] [Best: 0.000346 @ Epoch 149] [GPU: 0.12GB]
[Epoch 159/2000] [ETA: 2 days, 7:55:20.514017] [Duration: 0:01:49.353870] [Loss: 0.000425] [Best: 0.000346 @ Epoch 149] [GPU: 0.12GB]
[Epoch 160/2000] [ETA: 2 days, 7:55:38.728600] [Duration: 0:01:49.423208] [Loss: 0.000535] [Best: 0.000346 @ Epoch 149] [GPU: 0.12GB]
[Epoch 161/2000] [ETA: 2 days, 7:51:52.476397] [Duration: 0:01:49.359680] [Loss: 0.000471] [Best: 0.000346 @ Epoch 149] [GPU: 0.12GB]
[Epoch 162/2000] [ETA: 2 days, 7:50:13.574665] [Duration: 0:01:49.365368] [Loss: 0.000524] [Best: 0.000346 @ Epoch 149] [GPU: 0.12GB]
🎉 New best model! Loss: 0.000328 (Epoch 163)
Best model saved: ./Checkpoints/synthrad_safe_l4/best_model.pt
[Epoch 163/2000] [ETA: 2 days, 7:58:02.990523] [Duration: 0:01:49.680435] [Loss: 0.000328] [Best: 0.000328 @ Epoch 163] [GPU: 0.12GB]
[Epoch 164/2000] [ETA: 2 days, 8:06:51.191972] [Duration: 0:01:50.027870] [Loss: 0.000522] [Best: 0.000328 @ Epoch 163] [GPU: 0.12GB]
[Epoch 165/2000] [ETA: 2 days, 7:56:48.660237] [Duration: 0:01:49.759475] [Loss: 0.000330] [Best: 0.000328 @ Epoch 163] [GPU: 0.12GB]
[Epoch 166/2000] [ETA: 2 days, 7:49:48.627843] [Duration: 0:01:49.590296] [Loss: 0.000404] [Best: 0.000328 @ Epoch 163] [GPU: 0.12GB]
[Epoch 167/2000] [ETA: 2 days, 7:46:50.996383] [Duration: 0:01:49.553180] [Loss: 0.000465] [Best: 0.000328 @ Epoch 163] [GPU: 0.12GB]
[Epoch 168/2000] [ETA: 2 days, 8:07:03.718060] [Duration: 0:01:50.274945] [Loss: 0.000397] [Best: 0.000328 @ Epoch 163] [GPU: 0.12GB]
[Epoch 169/2000] [ETA: 2 days, 7:52:40.898151] [Duration: 0:01:49.863933] [Loss: 0.000777] [Best: 0.000328 @ Epoch 163] [GPU: 0.12GB]
[Epoch 170/2000] [ETA: 2 days, 7:41:47.274320] [Duration: 0:01:49.566807] [Loss: 0.000414] [Best: 0.000328 @ Epoch 163] [GPU: 0.12GB]
[Epoch 171/2000] [ETA: 2 days, 7:37:52.299264] [Duration: 0:01:49.498231] [Loss: 0.000638] [Best: 0.000328 @ Epoch 163] [GPU: 0.12GB]
[Epoch 172/2000] [ETA: 2 days, 7:34:07.237425] [Duration: 0:01:49.435022] [Loss: 0.000433] [Best: 0.000328 @ Epoch 163] [GPU: 0.12GB]
[Epoch 173/2000] [ETA: 2 days, 7:32:57.092243] [Duration: 0:01:49.456527] [Loss: 0.000388] [Best: 0.000328 @ Epoch 163] [GPU: 0.12GB]
[Epoch 174/2000] [ETA: 2 days, 7:35:34.287264] [Duration: 0:01:49.602553] [Loss: 0.000563] [Best: 0.000328 @ Epoch 163] [GPU: 0.12GB]
Checkpoint saved: ./Checkpoints/synthrad_safe_l4/ckpt_epoch_175.pt
[Epoch 175/2000] [ETA: 2 days, 7:30:44.022793] [Duration: 0:01:49.503561] [Loss: 0.000350] [Best: 0.000328 @ Epoch 163] [GPU: 0.12GB]
[Epoch 176/2000] [ETA: 2 days, 7:36:48.139938] [Duration: 0:01:49.763225] [Loss: 0.000334] [Best: 0.000328 @ Epoch 163] [GPU: 0.12GB]
[Epoch 177/2000] [ETA: 2 days, 7:41:02.353521] [Duration: 0:01:49.962864] [Loss: 0.000564] [Best: 0.000328 @ Epoch 163] [GPU: 0.12GB]
[Epoch 178/2000] [ETA: 2 days, 7:22:16.928178] [Duration: 0:01:49.405545] [Loss: 0.000536] [Best: 0.000328 @ Epoch 163] [GPU: 0.12GB]
[Epoch 179/2000] [ETA: 2 days, 7:21:21.749667] [Duration: 0:01:49.435328] [Loss: 0.000369] [Best: 0.000328 @ Epoch 163] [GPU: 0.12GB]
[Epoch 180/2000] [ETA: 2 days, 7:19:25.166769] [Duration: 0:01:49.431401] [Loss: 0.000341] [Best: 0.000328 @ Epoch 163] [GPU: 0.12GB]
[Epoch 181/2000] [ETA: 2 days, 7:15:58.316190] [Duration: 0:01:49.377845] [Loss: 0.000592] [Best: 0.000328 @ Epoch 163] [GPU: 0.12GB]
[Epoch 182/2000] [ETA: 2 days, 7:12:39.171882] [Duration: 0:01:49.328468] [Loss: 0.000429] [Best: 0.000328 @ Epoch 163] [GPU: 0.12GB]
[Epoch 183/2000] [ETA: 2 days, 7:13:59.693579] [Duration: 0:01:49.432950] [Loss: 0.000334] [Best: 0.000328 @ Epoch 163] [GPU: 0.12GB]
[Epoch 184/2000] [ETA: 2 days, 7:14:27.079847] [Duration: 0:01:49.508295] [Loss: 0.000376] [Best: 0.000328 @ Epoch 163] [GPU: 0.12GB]
[Epoch 185/2000] [ETA: 2 days, 7:08:11.918335] [Duration: 0:01:49.361930] [Loss: 0.000545] [Best: 0.000328 @ Epoch 163] [GPU: 0.12GB]
🎉 New best model! Loss: 0.000271 (Epoch 186)
Best model saved: ./Checkpoints/synthrad_safe_l4/best_model.pt
[Epoch 186/2000] [ETA: 2 days, 7:10:27.597319] [Duration: 0:01:49.497008] [Loss: 0.000271] [Best: 0.000271 @ Epoch 186] [GPU: 0.12GB]
[Epoch 187/2000] [ETA: 2 days, 7:19:22.621766] [Duration: 0:01:49.852512] [Loss: 0.000438] [Best: 0.000271 @ Epoch 186] [GPU: 0.12GB]
[Epoch 188/2000] [ETA: 2 days, 7:02:30.265105] [Duration: 0:01:49.354428] [Loss: 0.000547] [Best: 0.000271 @ Epoch 186] [GPU: 0.12GB]
[Epoch 189/2000] [ETA: 2 days, 7:02:04.773221] [Duration: 0:01:49.400743] [Loss: 0.000396] [Best: 0.000271 @ Epoch 186] [GPU: 0.12GB]
[Epoch 190/2000] [ETA: 2 days, 7:10:03.220787] [Duration: 0:01:49.725521] [Loss: 0.000678] [Best: 0.000271 @ Epoch 186] [GPU: 0.12GB]
[Epoch 191/2000] [ETA: 2 days, 7:05:55.965578] [Duration: 0:01:49.649498] [Loss: 0.000404] [Best: 0.000271 @ Epoch 186] [GPU: 0.12GB]
[Epoch 192/2000] [ETA: 2 days, 6:54:25.647438] [Duration: 0:01:49.328335] [Loss: 0.000651] [Best: 0.000271 @ Epoch 186] [GPU: 0.12GB]
[Epoch 193/2000] [ETA: 2 days, 6:56:25.467482] [Duration: 0:01:49.455147] [Loss: 0.000326] [Best: 0.000271 @ Epoch 186] [GPU: 0.12GB]
[Epoch 194/2000] [ETA: 2 days, 7:04:41.936524] [Duration: 0:01:49.790645] [Loss: 0.000396] [Best: 0.000271 @ Epoch 186] [GPU: 0.12GB]
[Epoch 195/2000] [ETA: 2 days, 7:03:45.404564] [Duration: 0:01:49.820153] [Loss: 0.000483] [Best: 0.000271 @ Epoch 186] [GPU: 0.12GB]
[Epoch 196/2000] [ETA: 2 days, 6:51:32.579398] [Duration: 0:01:49.474813] [Loss: 0.000483] [Best: 0.000271 @ Epoch 186] [GPU: 0.12GB]
[Epoch 197/2000] [ETA: 2 days, 6:51:17.308152] [Duration: 0:01:49.527047] [Loss: 0.000416] [Best: 0.000271 @ Epoch 186] [GPU: 0.12GB]
[Epoch 198/2000] [ETA: 2 days, 6:43:41.896484] [Duration: 0:01:49.335111] [Loss: 0.000425] [Best: 0.000271 @ Epoch 186] [GPU: 0.12GB]
[Epoch 199/2000] [ETA: 2 days, 6:37:51.148237] [Duration: 0:01:49.201066] [Loss: 0.000449] [Best: 0.000271 @ Epoch 186] [GPU: 0.12GB]
Checkpoint saved: ./Checkpoints/synthrad_safe_l4/ckpt_epoch_200.pt
[Epoch 200/2000] [ETA: 2 days, 6:54:03.326712] [Duration: 0:01:49.801838] [Loss: 0.000447] [Best: 0.000271 @ Epoch 186] [GPU: 0.12GB]
[Epoch 201/2000] [ETA: 2 days, 6:52:09.130200] [Duration: 0:01:49.799396] [Loss: 0.000498] [Best: 0.000271 @ Epoch 186] [GPU: 0.12GB]
[Epoch 202/2000] [ETA: 2 days, 6:28:01.585433] [Duration: 0:01:49.055365] [Loss: 0.000558] [Best: 0.000271 @ Epoch 186] [GPU: 0.12GB]
[Epoch 203/2000] [ETA: 2 days, 6:27:21.492743] [Duration: 0:01:49.093748] [Loss: 0.000463] [Best: 0.000271 @ Epoch 186] [GPU: 0.12GB]
[Epoch 204/2000] [ETA: 2 days, 6:32:11.738939] [Duration: 0:01:49.316093] [Loss: 0.000548] [Best: 0.000271 @ Epoch 186] [GPU: 0.12GB]
[Epoch 205/2000] [ETA: 2 days, 6:32:16.554983] [Duration: 0:01:49.379677] [Loss: 0.000435] [Best: 0.000271 @ Epoch 186] [GPU: 0.12GB]
[Epoch 206/2000] [ETA: 2 days, 6:28:39.079864] [Duration: 0:01:49.319421] [Loss: 0.000382] [Best: 0.000271 @ Epoch 186] [GPU: 0.12GB]
[Epoch 207/2000] [ETA: 2 days, 6:31:56.898639] [Duration: 0:01:49.490726] [Loss: 0.000677] [Best: 0.000271 @ Epoch 186] [GPU: 0.12GB]
[Epoch 208/2000] [ETA: 2 days, 6:27:58.972168] [Duration: 0:01:49.419060] [Loss: 0.000491] [Best: 0.000271 @ Epoch 186] [GPU: 0.12GB]
[Epoch 209/2000] [ETA: 2 days, 6:18:13.240128] [Duration: 0:01:49.153111] [Loss: 0.000414] [Best: 0.000271 @ Epoch 186] [GPU: 0.12GB]
[Epoch 210/2000] [ETA: 2 days, 6:21:03.467660] [Duration: 0:01:49.309177] [Loss: 0.000583] [Best: 0.000271 @ Epoch 186] [GPU: 0.12GB]
[Epoch 211/2000] [ETA: 2 days, 6:21:43.466433] [Duration: 0:01:49.392639] [Loss: 0.000391] [Best: 0.000271 @ Epoch 186] [GPU: 0.12GB]
[Epoch 212/2000] [ETA: 2 days, 6:24:38.660199] [Duration: 0:01:49.551814] [Loss: 0.000448] [Best: 0.000271 @ Epoch 186] [GPU: 0.12GB]
[Epoch 213/2000] [ETA: 2 days, 6:20:22.944160] [Duration: 0:01:49.470021] [Loss: 0.000453] [Best: 0.000271 @ Epoch 186] [GPU: 0.12GB]
[Epoch 214/2000] [ETA: 2 days, 6:12:58.562935] [Duration: 0:01:49.282498] [Loss: 0.000426] [Best: 0.000271 @ Epoch 186] [GPU: 0.12GB]
[Epoch 215/2000] [ETA: 2 days, 6:32:53.620384] [Duration: 0:01:50.013216] [Loss: 0.000511] [Best: 0.000271 @ Epoch 186] [GPU: 0.12GB]
[Epoch 216/2000] [ETA: 2 days, 6:27:32.198057] [Duration: 0:01:49.894701] [Loss: 0.000498] [Best: 0.000271 @ Epoch 186] [GPU: 0.12GB]
[Epoch 217/2000] [ETA: 2 days, 6:23:58.214112] [Duration: 0:01:49.836334] [Loss: 0.000404] [Best: 0.000271 @ Epoch 186] [GPU: 0.12GB]
[Epoch 218/2000] [ETA: 2 days, 6:20:35.175804] [Duration: 0:01:49.784034] [Loss: 0.000593] [Best: 0.000271 @ Epoch 186] [GPU: 0.12GB]
[Epoch 219/2000] [ETA: 2 days, 6:10:56.460078] [Duration: 0:01:49.520743] [Loss: 0.000395] [Best: 0.000271 @ Epoch 186] [GPU: 0.12GB]
[Epoch 220/2000] [ETA: 2 days, 6:04:27.457566] [Duration: 0:01:49.363731] [Loss: 0.000448] [Best: 0.000271 @ Epoch 186] [GPU: 0.12GB]
[Epoch 221/2000] [ETA: 2 days, 5:59:09.343265] [Duration: 0:01:49.246390] [Loss: 0.000516] [Best: 0.000271 @ Epoch 186] [GPU: 0.12GB]
[Epoch 222/2000] [ETA: 2 days, 6:17:16.078068] [Duration: 0:01:49.919046] [Loss: 0.000421] [Best: 0.000271 @ Epoch 186] [GPU: 0.12GB]
[Epoch 223/2000] [ETA: 2 days, 6:40:35.273861] [Duration: 0:01:50.768293] [Loss: 0.000528] [Best: 0.000271 @ Epoch 186] [GPU: 0.12GB]
[Epoch 224/2000] [ETA: 2 days, 6:18:33.040386] [Duration: 0:01:50.086162] [Loss: 0.000387] [Best: 0.000271 @ Epoch 186] [GPU: 0.12GB]
Checkpoint saved: ./Checkpoints/synthrad_safe_l4/ckpt_epoch_225.pt
[Epoch 225/2000] [ETA: 2 days, 6:24:03.292856] [Duration: 0:01:50.334231] [Loss: 0.000446] [Best: 0.000271 @ Epoch 186] [GPU: 0.12GB]
[Epoch 226/2000] [ETA: 2 days, 5:52:20.472109] [Duration: 0:01:49.323820] [Loss: 0.000468] [Best: 0.000271 @ Epoch 186] [GPU: 0.12GB]
[Epoch 227/2000] [ETA: 2 days, 5:46:31.173172] [Duration: 0:01:49.188470] [Loss: 0.000663] [Best: 0.000271 @ Epoch 186] [GPU: 0.12GB]
[Epoch 228/2000] [ETA: 2 days, 5:48:12.282697] [Duration: 0:01:49.307148] [Loss: 0.000582] [Best: 0.000271 @ Epoch 186] [GPU: 0.12GB]
[Epoch 229/2000] [ETA: 2 days, 5:46:15.131178] [Duration: 0:01:49.302711] [Loss: 0.000404] [Best: 0.000271 @ Epoch 186] [GPU: 0.12GB]
[Epoch 230/2000] [ETA: 2 days, 5:38:08.697231] [Duration: 0:01:49.089650] [Loss: 0.000281] [Best: 0.000271 @ Epoch 186] [GPU: 0.12GB]
[Epoch 231/2000] [ETA: 2 days, 5:42:15.616848] [Duration: 0:01:49.290899] [Loss: 0.000278] [Best: 0.000271 @ Epoch 186] [GPU: 0.12GB]
[Epoch 232/2000] [ETA: 2 days, 5:36:00.714785] [Duration: 0:01:49.140662] [Loss: 0.000337] [Best: 0.000271 @ Epoch 186] [GPU: 0.12GB]
[Epoch 233/2000] [ETA: 2 days, 5:40:00.439053] [Duration: 0:01:49.338100] [Loss: 0.000394] [Best: 0.000271 @ Epoch 186] [GPU: 0.12GB]
[Epoch 234/2000] [ETA: 2 days, 5:37:03.088346] [Duration: 0:01:49.299588] [Loss: 0.000408] [Best: 0.000271 @ Epoch 186] [GPU: 0.12GB]
[Epoch 235/2000] [ETA: 2 days, 5:39:18.912816] [Duration: 0:01:49.438454] [Loss: 0.000555] [Best: 0.000271 @ Epoch 186] [GPU: 0.12GB]
[Epoch 236/2000] [ETA: 2 days, 5:40:10.500220] [Duration: 0:01:49.529754] [Loss: 0.000425] [Best: 0.000271 @ Epoch 186] [GPU: 0.12GB]
[Epoch 237/2000] [ETA: 2 days, 5:39:01.217663] [Duration: 0:01:49.552567] [Loss: 0.000424] [Best: 0.000271 @ Epoch 186] [GPU: 0.12GB]
[Epoch 238/2000] [ETA: 2 days, 5:33:52.930583] [Duration: 0:01:49.439793] [Loss: 0.000356] [Best: 0.000271 @ Epoch 186] [GPU: 0.12GB]
[Epoch 239/2000] [ETA: 2 days, 5:47:37.130584] [Duration: 0:01:49.969962] [Loss: 0.000414] [Best: 0.000271 @ Epoch 186] [GPU: 0.12GB]
[Epoch 240/2000] [ETA: 2 days, 5:50:42.815399] [Duration: 0:01:50.137949] [Loss: 0.000530] [Best: 0.000271 @ Epoch 186] [GPU: 0.12GB]
[Epoch 241/2000] [ETA: 2 days, 5:40:18.424465] [Duration: 0:01:49.845599] [Loss: 0.000376] [Best: 0.000271 @ Epoch 186] [GPU: 0.12GB]
[Epoch 242/2000] [ETA: 2 days, 5:35:14.771938] [Duration: 0:01:49.735356] [Loss: 0.000367] [Best: 0.000271 @ Epoch 186] [GPU: 0.12GB]
[Epoch 243/2000] [ETA: 2 days, 5:28:12.823881] [Duration: 0:01:49.557647] [Loss: 0.000282] [Best: 0.000271 @ Epoch 186] [GPU: 0.12GB]
[Epoch 244/2000] [ETA: 2 days, 5:42:35.520238] [Duration: 0:01:50.111335] [Loss: 0.000526] [Best: 0.000271 @ Epoch 186] [GPU: 0.12GB]
[Epoch 245/2000] [ETA: 2 days, 5:31:12.141659] [Duration: 0:01:49.784683] [Loss: 0.000441] [Best: 0.000271 @ Epoch 186] [GPU: 0.12GB]
[Epoch 246/2000] [ETA: 2 days, 5:30:44.729187] [Duration: 0:01:49.831640] [Loss: 0.000325] [Best: 0.000271 @ Epoch 186] [GPU: 0.12GB]
[Epoch 247/2000] [ETA: 2 days, 5:34:09.584615] [Duration: 0:01:50.011149] [Loss: 0.000335] [Best: 0.000271 @ Epoch 186] [GPU: 0.12GB]
[Epoch 248/2000] [ETA: 2 days, 5:27:24.994783] [Duration: 0:01:49.843026] [Loss: 0.000403] [Best: 0.000271 @ Epoch 186] [GPU: 0.12GB]
[Epoch 249/2000] [ETA: 2 days, 5:12:58.447278] [Duration: 0:01:49.410857] [Loss: 0.000321] [Best: 0.000271 @ Epoch 186] [GPU: 0.12GB]
Checkpoint saved: ./Checkpoints/synthrad_safe_l4/ckpt_epoch_250.pt
[Epoch 250/2000] [ETA: 2 days, 5:13:18.922133] [Duration: 0:01:49.485089] [Loss: 0.000408] [Best: 0.000271 @ Epoch 186] [GPU: 0.12GB]
[Epoch 251/2000] [ETA: 2 days, 5:08:35.444164] [Duration: 0:01:49.385605] [Loss: 0.000840] [Best: 0.000271 @ Epoch 186] [GPU: 0.12GB]
[Epoch 252/2000] [ETA: 2 days, 5:03:11.380197] [Duration: 0:01:49.262790] [Loss: 0.000606] [Best: 0.000271 @ Epoch 186] [GPU: 0.12GB]
[Epoch 253/2000] [ETA: 2 days, 4:56:55.772517] [Duration: 0:01:49.110324] [Loss: 0.000340] [Best: 0.000271 @ Epoch 186] [GPU: 0.12GB]
[Epoch 254/2000] [ETA: 2 days, 5:03:59.517403] [Duration: 0:01:49.415518] [Loss: 0.000365] [Best: 0.000271 @ Epoch 186] [GPU: 0.12GB]
[Epoch 255/2000] [ETA: 2 days, 5:09:19.936528] [Duration: 0:01:49.661846] [Loss: 0.000395] [Best: 0.000271 @ Epoch 186] [GPU: 0.12GB]
[Epoch 256/2000] [ETA: 2 days, 4:58:27.954933] [Duration: 0:01:49.350879] [Loss: 0.000422] [Best: 0.000271 @ Epoch 186] [GPU: 0.12GB]
[Epoch 257/2000] [ETA: 2 days, 4:51:54.351070] [Duration: 0:01:49.187799] [Loss: 0.000620] [Best: 0.000271 @ Epoch 186] [GPU: 0.12GB]
[Epoch 258/2000] [ETA: 2 days, 4:56:10.374461] [Duration: 0:01:49.397447] [Loss: 0.000439] [Best: 0.000271 @ Epoch 186] [GPU: 0.12GB]
[Epoch 259/2000] [ETA: 2 days, 4:52:53.355095] [Duration: 0:01:49.347116] [Loss: 0.000350] [Best: 0.000271 @ Epoch 186] [GPU: 0.12GB]
[Epoch 260/2000] [ETA: 2 days, 4:44:40.631275] [Duration: 0:01:49.126790] [Loss: 0.000358] [Best: 0.000271 @ Epoch 186] [GPU: 0.12GB]
[Epoch 261/2000] [ETA: 2 days, 4:56:35.722440] [Duration: 0:01:49.600750] [Loss: 0.000425] [Best: 0.000271 @ Epoch 186] [GPU: 0.12GB]
[Epoch 262/2000] [ETA: 2 days, 4:58:46.159625] [Duration: 0:01:49.738850] [Loss: 0.000392] [Best: 0.000271 @ Epoch 186] [GPU: 0.12GB]
[Epoch 263/2000] [ETA: 2 days, 4:50:09.441416] [Duration: 0:01:49.504563] [Loss: 0.000339] [Best: 0.000271 @ Epoch 186] [GPU: 0.12GB]
[Epoch 264/2000] [ETA: 2 days, 4:36:42.959770] [Duration: 0:01:49.103070] [Loss: 0.000412] [Best: 0.000271 @ Epoch 186] [GPU: 0.12GB]
[Epoch 265/2000] [ETA: 2 days, 4:37:48.551570] [Duration: 0:01:49.203763] [Loss: 0.000466] [Best: 0.000271 @ Epoch 186] [GPU: 0.12GB]
[Epoch 266/2000] [ETA: 2 days, 4:29:33.378027] [Duration: 0:01:48.981151] [Loss: 0.000464] [Best: 0.000271 @ Epoch 186] [GPU: 0.12GB]
[Epoch 267/2000] [ETA: 2 days, 4:26:23.984692] [Duration: 0:01:48.934777] [Loss: 0.000443] [Best: 0.000271 @ Epoch 186] [GPU: 0.12GB]
[Epoch 268/2000] [ETA: 2 days, 4:28:10.297456] [Duration: 0:01:49.059046] [Loss: 0.000333] [Best: 0.000271 @ Epoch 186] [GPU: 0.12GB]
[Epoch 269/2000] [ETA: 2 days, 4:21:41.567201] [Duration: 0:01:48.897480] [Loss: 0.000303] [Best: 0.000271 @ Epoch 186] [GPU: 0.12GB]
[Epoch 270/2000] [ETA: 2 days, 4:21:49.241145] [Duration: 0:01:48.964863] [Loss: 0.000369] [Best: 0.000271 @ Epoch 186] [GPU: 0.12GB]
[Epoch 271/2000] [ETA: 2 days, 4:22:14.642889] [Duration: 0:01:49.042579] [Loss: 0.000382] [Best: 0.000271 @ Epoch 186] [GPU: 0.12GB]
[Epoch 272/2000] [ETA: 2 days, 4:31:08.806000] [Duration: 0:01:49.414809] [Loss: 0.000418] [Best: 0.000271 @ Epoch 186] [GPU: 0.12GB]
[Epoch 273/2000] [ETA: 2 days, 4:43:31.055871] [Duration: 0:01:49.907951] [Loss: 0.000363] [Best: 0.000271 @ Epoch 186] [GPU: 0.12GB]
[Epoch 274/2000] [ETA: 2 days, 4:27:14.927014] [Duration: 0:01:49.406090] [Loss: 0.000529] [Best: 0.000271 @ Epoch 186] [GPU: 0.12GB]
Checkpoint saved: ./Checkpoints/synthrad_safe_l4/ckpt_epoch_275.pt
[Epoch 275/2000] [ETA: 2 days, 4:18:19.008769] [Duration: 0:01:49.158837] [Loss: 0.000448] [Best: 0.000271 @ Epoch 186] [GPU: 0.12GB]
[Epoch 276/2000] [ETA: 2 days, 4:22:03.792552] [Duration: 0:01:49.352534] [Loss: 0.000424] [Best: 0.000271 @ Epoch 186] [GPU: 0.12GB]
[Epoch 277/2000] [ETA: 2 days, 4:13:52.030331] [Duration: 0:01:49.130594] [Loss: 0.000397] [Best: 0.000271 @ Epoch 186] [GPU: 0.12GB]
[Epoch 278/2000] [ETA: 2 days, 4:11:46.705725] [Duration: 0:01:49.121185] [Loss: 0.000317] [Best: 0.000271 @ Epoch 186] [GPU: 0.12GB]
[Epoch 279/2000] [ETA: 2 days, 4:11:48.921544] [Duration: 0:01:49.185884] [Loss: 0.000370] [Best: 0.000271 @ Epoch 186] [GPU: 0.12GB]
[Epoch 280/2000] [ETA: 2 days, 4:03:45.456905] [Duration: 0:01:48.968274] [Loss: 0.000313] [Best: 0.000271 @ Epoch 186] [GPU: 0.12GB]
[Epoch 281/2000] [ETA: 2 days, 4:03:05.591178] [Duration: 0:01:49.008479] [Loss: 0.000545] [Best: 0.000271 @ Epoch 186] [GPU: 0.12GB]
[Epoch 282/2000] [ETA: 2 days, 4:20:28.870811] [Duration: 0:01:49.679189] [Loss: 0.000449] [Best: 0.000271 @ Epoch 186] [GPU: 0.12GB]
[Epoch 283/2000] [ETA: 2 days, 4:17:22.265841] [Duration: 0:01:49.634392] [Loss: 0.000285] [Best: 0.000271 @ Epoch 186] [GPU: 0.12GB]
[Epoch 284/2000] [ETA: 2 days, 3:59:38.429895] [Duration: 0:01:49.078330] [Loss: 0.000398] [Best: 0.000271 @ Epoch 186] [GPU: 0.12GB]
[Epoch 285/2000] [ETA: 2 days, 3:58:36.959188] [Duration: 0:01:49.106089] [Loss: 0.000424] [Best: 0.000271 @ Epoch 186] [GPU: 0.12GB]
🎉 New best model! Loss: 0.000207 (Epoch 286)
Best model saved: ./Checkpoints/synthrad_safe_l4/best_model.pt
[Epoch 286/2000] [ETA: 2 days, 3:56:50.134988] [Duration: 0:01:49.107422] [Loss: 0.000207] [Best: 0.000207 @ Epoch 286] [GPU: 0.12GB]
[Epoch 287/2000] [ETA: 2 days, 4:04:49.611558] [Duration: 0:01:49.451020] [Loss: 0.000263] [Best: 0.000207 @ Epoch 286] [GPU: 0.12GB]
[Epoch 288/2000] [ETA: 2 days, 3:53:04.143215] [Duration: 0:01:49.102878] [Loss: 0.000400] [Best: 0.000207 @ Epoch 286] [GPU: 0.12GB]
[Epoch 289/2000] [ETA: 2 days, 3:51:19.428476] [Duration: 0:01:49.105442] [Loss: 0.000437] [Best: 0.000207 @ Epoch 286] [GPU: 0.12GB]
[Epoch 290/2000] [ETA: 2 days, 3:51:14.756334] [Duration: 0:01:49.166510] [Loss: 0.000379] [Best: 0.000207 @ Epoch 286] [GPU: 0.12GB]
[Epoch 291/2000] [ETA: 2 days, 3:53:31.051082] [Duration: 0:01:49.310132] [Loss: 0.000314] [Best: 0.000207 @ Epoch 286] [GPU: 0.12GB]
[Epoch 292/2000] [ETA: 2 days, 3:51:58.100136] [Duration: 0:01:49.319712] [Loss: 0.000353] [Best: 0.000207 @ Epoch 286] [GPU: 0.12GB]
[Epoch 293/2000] [ETA: 2 days, 3:49:06.072440] [Duration: 0:01:49.282985] [Loss: 0.000316] [Best: 0.000207 @ Epoch 286] [GPU: 0.12GB]
[Epoch 294/2000] [ETA: 2 days, 3:42:21.963251] [Duration: 0:01:49.110169] [Loss: 0.000510] [Best: 0.000207 @ Epoch 286] [GPU: 0.12GB]
[Epoch 295/2000] [ETA: 2 days, 3:41:53.368037] [Duration: 0:01:49.157387] [Loss: 0.000295] [Best: 0.000207 @ Epoch 286] [GPU: 0.12GB]
[Epoch 296/2000] [ETA: 2 days, 3:41:50.121145] [Duration: 0:01:49.219542] [Loss: 0.000328] [Best: 0.000207 @ Epoch 286] [GPU: 0.12GB]
[Epoch 297/2000] [ETA: 2 days, 3:36:01.768023] [Duration: 0:01:49.079127] [Loss: 0.000214] [Best: 0.000207 @ Epoch 286] [GPU: 0.12GB]
[Epoch 298/2000] [ETA: 2 days, 3:39:30.729620] [Duration: 0:01:49.265990] [Loss: 0.000383] [Best: 0.000207 @ Epoch 286] [GPU: 0.12GB]
[Epoch 299/2000] [ETA: 2 days, 3:45:29.891314] [Duration: 0:01:49.541371] [Loss: 0.000342] [Best: 0.000207 @ Epoch 286] [GPU: 0.12GB]
Checkpoint saved: ./Checkpoints/synthrad_safe_l4/ckpt_epoch_300.pt
[Epoch 300/2000] [ETA: 2 days, 3:44:00.759802] [Duration: 0:01:49.553374] [Loss: 0.000361] [Best: 0.000207 @ Epoch 286] [GPU: 0.12GB]
[Epoch 301/2000] [ETA: 2 days, 3:32:14.713088] [Duration: 0:01:49.202286] [Loss: 0.000467] [Best: 0.000207 @ Epoch 286] [GPU: 0.12GB]
[Epoch 302/2000] [ETA: 2 days, 3:34:29.049248] [Duration: 0:01:49.345708] [Loss: 0.000432] [Best: 0.000207 @ Epoch 286] [GPU: 0.12GB]
[Epoch 303/2000] [ETA: 2 days, 3:45:30.620958] [Duration: 0:01:49.800004] [Loss: 0.000444] [Best: 0.000207 @ Epoch 286] [GPU: 0.12GB]
[Epoch 304/2000] [ETA: 2 days, 3:30:14.296341] [Duration: 0:01:49.324447] [Loss: 0.000303] [Best: 0.000207 @ Epoch 286] [GPU: 0.12GB]
[Epoch 305/2000] [ETA: 2 days, 3:24:09.455606] [Duration: 0:01:49.173711] [Loss: 0.000341] [Best: 0.000207 @ Epoch 286] [GPU: 0.12GB]
[Epoch 306/2000] [ETA: 2 days, 3:24:21.510021] [Duration: 0:01:49.245274] [Loss: 0.000337] [Best: 0.000207 @ Epoch 286] [GPU: 0.12GB]
[Epoch 307/2000] [ETA: 2 days, 3:22:09.570736] [Duration: 0:01:49.231869] [Loss: 0.000315] [Best: 0.000207 @ Epoch 286] [GPU: 0.12GB]
[Epoch 308/2000] [ETA: 2 days, 3:26:30.229076] [Duration: 0:01:49.450481] [Loss: 0.000318] [Best: 0.000207 @ Epoch 286] [GPU: 0.12GB]
[Epoch 309/2000] [ETA: 2 days, 3:16:59.745573] [Duration: 0:01:49.177836] [Loss: 0.000631] [Best: 0.000207 @ Epoch 286] [GPU: 0.12GB]
[Epoch 310/2000] [ETA: 2 days, 3:20:19.131136] [Duration: 0:01:49.360415] [Loss: 0.000426] [Best: 0.000207 @ Epoch 286] [GPU: 0.12GB]
[Epoch 311/2000] [ETA: 2 days, 3:13:46.653773] [Duration: 0:01:49.192796] [Loss: 0.000340] [Best: 0.000207 @ Epoch 286] [GPU: 0.12GB]
[Epoch 312/2000] [ETA: 2 days, 3:12:27.468483] [Duration: 0:01:49.210577] [Loss: 0.000214] [Best: 0.000207 @ Epoch 286] [GPU: 0.12GB]
[Epoch 313/2000] [ETA: 2 days, 3:16:29.243900] [Duration: 0:01:49.418629] [Loss: 0.000525] [Best: 0.000207 @ Epoch 286] [GPU: 0.12GB]
[Epoch 314/2000] [ETA: 2 days, 3:30:05.377800] [Duration: 0:01:49.967593] [Loss: 0.000478] [Best: 0.000207 @ Epoch 286] [GPU: 0.12GB]
[Epoch 315/2000] [ETA: 2 days, 3:13:38.082157] [Duration: 0:01:49.446919] [Loss: 0.000538] [Best: 0.000207 @ Epoch 286] [GPU: 0.12GB]
[Epoch 316/2000] [ETA: 2 days, 3:22:56.840471] [Duration: 0:01:49.843720] [Loss: 0.000374] [Best: 0.000207 @ Epoch 286] [GPU: 0.12GB]
[Epoch 317/2000] [ETA: 2 days, 3:12:54.769768] [Duration: 0:01:49.551251] [Loss: 0.000297] [Best: 0.000207 @ Epoch 286] [GPU: 0.12GB]
[Epoch 318/2000] [ETA: 2 days, 3:17:26.515992] [Duration: 0:01:49.777943] [Loss: 0.000432] [Best: 0.000207 @ Epoch 286] [GPU: 0.12GB]
[Epoch 319/2000] [ETA: 2 days, 3:30:19.086054] [Duration: 0:01:50.302825] [Loss: 0.000336] [Best: 0.000207 @ Epoch 286] [GPU: 0.12GB]
[Epoch 320/2000] [ETA: 2 days, 3:15:59.495430] [Duration: 0:01:49.856834] [Loss: 0.000291] [Best: 0.000207 @ Epoch 286] [GPU: 0.12GB]
[Epoch 321/2000] [ETA: 2 days, 3:13:45.705965] [Duration: 0:01:49.842572] [Loss: 0.000355] [Best: 0.000207 @ Epoch 286] [GPU: 0.12GB]
[Epoch 322/2000] [ETA: 2 days, 3:17:03.836873] [Duration: 0:01:50.026105] [Loss: 0.000474] [Best: 0.000207 @ Epoch 286] [GPU: 0.12GB]
[Epoch 323/2000] [ETA: 2 days, 2:46:46.773673] [Duration: 0:01:49.008205] [Loss: 0.000330] [Best: 0.000207 @ Epoch 286] [GPU: 0.12GB]
[Epoch 324/2000] [ETA: 2 days, 2:48:44.536119] [Duration: 0:01:49.143495] [Loss: 0.000352] [Best: 0.000207 @ Epoch 286] [GPU: 0.12GB]
Checkpoint saved: ./Checkpoints/synthrad_safe_l4/ckpt_epoch_325.pt
[Epoch 325/2000] [ETA: 2 days, 2:47:19.082909] [Duration: 0:01:49.157644] [Loss: 0.000349] [Best: 0.000207 @ Epoch 286] [GPU: 0.12GB]
[Epoch 326/2000] [ETA: 2 days, 2:46:58.121172] [Duration: 0:01:49.210338] [Loss: 0.000295] [Best: 0.000207 @ Epoch 286] [GPU: 0.12GB]
[Epoch 327/2000] [ETA: 2 days, 2:54:33.658574] [Duration: 0:01:49.547891] [Loss: 0.000440] [Best: 0.000207 @ Epoch 286] [GPU: 0.12GB]
[Epoch 328/2000] [ETA: 2 days, 2:45:55.280880] [Duration: 0:01:49.303384] [Loss: 0.000352] [Best: 0.000207 @ Epoch 286] [GPU: 0.12GB]
[Epoch 329/2000] [ETA: 2 days, 2:39:22.242009] [Duration: 0:01:49.133583] [Loss: 0.000324] [Best: 0.000207 @ Epoch 286] [GPU: 0.12GB]
[Epoch 330/2000] [ETA: 2 days, 2:36:03.489184] [Duration: 0:01:49.079919] [Loss: 0.000409] [Best: 0.000207 @ Epoch 286] [GPU: 0.12GB]
[Epoch 331/2000] [ETA: 2 days, 2:33:42.384202] [Duration: 0:01:49.060737] [Loss: 0.000360] [Best: 0.000207 @ Epoch 286] [GPU: 0.12GB]
[Epoch 332/2000] [ETA: 2 days, 2:40:26.074591] [Duration: 0:01:49.368133] [Loss: 0.000450] [Best: 0.000207 @ Epoch 286] [GPU: 0.12GB]
[Epoch 333/2000] [ETA: 2 days, 2:49:38.606913] [Duration: 0:01:49.765198] [Loss: 0.000377] [Best: 0.000207 @ Epoch 286] [GPU: 0.12GB]
[Epoch 334/2000] [ETA: 2 days, 2:32:16.568565] [Duration: 0:01:49.205609] [Loss: 0.000410] [Best: 0.000207 @ Epoch 286] [GPU: 0.12GB]
[Epoch 335/2000] [ETA: 2 days, 2:28:03.417571] [Duration: 0:01:49.119161] [Loss: 0.000322] [Best: 0.000207 @ Epoch 286] [GPU: 0.12GB]
[Epoch 336/2000] [ETA: 2 days, 2:32:39.551544] [Duration: 0:01:49.350682] [Loss: 0.000547] [Best: 0.000207 @ Epoch 286] [GPU: 0.12GB]
[Epoch 337/2000] [ETA: 2 days, 2:33:09.047719] [Duration: 0:01:49.434170] [Loss: 0.000494] [Best: 0.000207 @ Epoch 286] [GPU: 0.12GB]
[Epoch 338/2000] [ETA: 2 days, 2:31:12.935902] [Duration: 0:01:49.430157] [Loss: 0.000363] [Best: 0.000207 @ Epoch 286] [GPU: 0.12GB]
[Epoch 339/2000] [ETA: 2 days, 2:03:17.479616] [Duration: 0:01:48.487334] [Loss: 0.000322] [Best: 0.000207 @ Epoch 286] [GPU: 0.12GB]
[Epoch 340/2000] [ETA: 2 days, 2:18:27.620144] [Duration: 0:01:49.100961] [Loss: 0.000293] [Best: 0.000207 @ Epoch 286] [GPU: 0.12GB]
[Epoch 341/2000] [ETA: 2 days, 2:36:49.794878] [Duration: 0:01:49.831078] [Loss: 0.000423] [Best: 0.000207 @ Epoch 286] [GPU: 0.12GB]
[Epoch 342/2000] [ETA: 2 days, 2:19:12.305991] [Duration: 0:01:49.259512] [Loss: 0.000416] [Best: 0.000207 @ Epoch 286] [GPU: 0.12GB]
[Epoch 343/2000] [ETA: 2 days, 2:18:04.370085] [Duration: 0:01:49.284463] [Loss: 0.000397] [Best: 0.000207 @ Epoch 286] [GPU: 0.12GB]
[Epoch 344/2000] [ETA: 2 days, 2:16:36.373976] [Duration: 0:01:49.297299] [Loss: 0.000440] [Best: 0.000207 @ Epoch 286] [GPU: 0.12GB]
[Epoch 345/2000] [ETA: 2 days, 2:05:27.943029] [Duration: 0:01:48.959455] [Loss: 0.000306] [Best: 0.000207 @ Epoch 286] [GPU: 0.12GB]
[Epoch 346/2000] [ETA: 2 days, 2:22:29.091190] [Duration: 0:01:49.642723] [Loss: 0.000409] [Best: 0.000207 @ Epoch 286] [GPU: 0.12GB]
[Epoch 347/2000] [ETA: 2 days, 2:07:50.359829] [Duration: 0:01:49.177449] [Loss: 0.000537] [Best: 0.000207 @ Epoch 286] [GPU: 0.12GB]
[Epoch 348/2000] [ETA: 2 days, 1:56:54.975978] [Duration: 0:01:48.846824] [Loss: 0.000373] [Best: 0.000207 @ Epoch 286] [GPU: 0.12GB]
[Epoch 349/2000] [ETA: 2 days, 2:00:40.097430] [Duration: 0:01:49.049111] [Loss: 0.000400] [Best: 0.000207 @ Epoch 286] [GPU: 0.12GB]
Checkpoint saved: ./Checkpoints/synthrad_safe_l4/ckpt_epoch_350.pt
[Epoch 350/2000] [ETA: 2 days, 1:53:01.055725] [Duration: 0:01:48.836989] [Loss: 0.000399] [Best: 0.000207 @ Epoch 286] [GPU: 0.12GB]
[Epoch 351/2000] [ETA: 2 days, 1:55:03.629307] [Duration: 0:01:48.977316] [Loss: 0.000450] [Best: 0.000207 @ Epoch 286] [GPU: 0.12GB]
[Epoch 352/2000] [ETA: 2 days, 1:52:01.962128] [Duration: 0:01:48.933208] [Loss: 0.000484] [Best: 0.000207 @ Epoch 286] [GPU: 0.12GB]
[Epoch 353/2000] [ETA: 2 days, 1:52:24.304996] [Duration: 0:01:49.012922] [Loss: 0.000357] [Best: 0.000207 @ Epoch 286] [GPU: 0.12GB]
[Epoch 354/2000] [ETA: 2 days, 1:51:20.858704] [Duration: 0:01:49.040600] [Loss: 0.000342] [Best: 0.000207 @ Epoch 286] [GPU: 0.12GB]
[Epoch 355/2000] [ETA: 2 days, 1:47:41.593424] [Duration: 0:01:48.973601] [Loss: 0.000370] [Best: 0.000207 @ Epoch 286] [GPU: 0.12GB]
[Epoch 356/2000] [ETA: 2 days, 1:45:44.275372] [Duration: 0:01:48.968523] [Loss: 0.000428] [Best: 0.000207 @ Epoch 286] [GPU: 0.12GB]
[Epoch 357/2000] [ETA: 2 days, 1:46:53.491646] [Duration: 0:01:49.076972] [Loss: 0.000326] [Best: 0.000207 @ Epoch 286] [GPU: 0.12GB]
[Epoch 358/2000] [ETA: 2 days, 1:58:28.852173] [Duration: 0:01:49.566887] [Loss: 0.000556] [Best: 0.000207 @ Epoch 286] [GPU: 0.12GB]
[Epoch 359/2000] [ETA: 2 days, 1:55:34.742776] [Duration: 0:01:49.527555] [Loss: 0.000445] [Best: 0.000207 @ Epoch 286] [GPU: 0.12GB]
[Epoch 360/2000] [ETA: 2 days, 1:50:21.796045] [Duration: 0:01:49.403525] [Loss: 0.000470] [Best: 0.000207 @ Epoch 286] [GPU: 0.12GB]
[Epoch 361/2000] [ETA: 2 days, 1:56:13.084597] [Duration: 0:01:49.684601] [Loss: 0.000441] [Best: 0.000207 @ Epoch 286] [GPU: 0.12GB]
[Epoch 362/2000] [ETA: 2 days, 1:40:52.400372] [Duration: 0:01:49.189488] [Loss: 0.000359] [Best: 0.000207 @ Epoch 286] [GPU: 0.12GB]
[Epoch 363/2000] [ETA: 2 days, 1:38:43.691628] [Duration: 0:01:49.177556] [Loss: 0.000357] [Best: 0.000207 @ Epoch 286] [GPU: 0.12GB]
[Epoch 364/2000] [ETA: 2 days, 1:36:29.526490] [Duration: 0:01:49.162289] [Loss: 0.000349] [Best: 0.000207 @ Epoch 286] [GPU: 0.12GB]
[Epoch 365/2000] [ETA: 2 days, 1:45:21.894962] [Duration: 0:01:49.554666] [Loss: 0.000398] [Best: 0.000207 @ Epoch 286] [GPU: 0.12GB]
[Epoch 366/2000] [ETA: 2 days, 1:34:59.704295] [Duration: 0:01:49.240928] [Loss: 0.000324] [Best: 0.000207 @ Epoch 286] [GPU: 0.12GB]
[Epoch 367/2000] [ETA: 2 days, 1:09:09.288787] [Duration: 0:01:48.358405] [Loss: 0.000280] [Best: 0.000207 @ Epoch 286] [GPU: 0.12GB]
[Epoch 368/2000] [ETA: 2 days, 1:02:23.913895] [Duration: 0:01:48.176395] [Loss: 0.000326] [Best: 0.000207 @ Epoch 286] [GPU: 0.12GB]
[Epoch 369/2000] [ETA: 2 days, 0:40:18.223561] [Duration: 0:01:47.429920] [Loss: 0.000360] [Best: 0.000207 @ Epoch 286] [GPU: 0.12GB]
[Epoch 370/2000] [ETA: 2 days, 0:40:20.183027] [Duration: 0:01:47.497034] [Loss: 0.000554] [Best: 0.000207 @ Epoch 286] [GPU: 0.12GB]
[Epoch 371/2000] [ETA: 2 days, 0:37:21.860300] [Duration: 0:01:47.453559] [Loss: 0.000607] [Best: 0.000207 @ Epoch 286] [GPU: 0.12GB]
[Epoch 372/2000] [ETA: 2 days, 0:27:23.091839] [Duration: 0:01:47.151768] [Loss: 0.000318] [Best: 0.000207 @ Epoch 286] [GPU: 0.12GB]
[Epoch 373/2000] [ETA: 2 days, 0:30:16.230044] [Duration: 0:01:47.324037] [Loss: 0.000324] [Best: 0.000207 @ Epoch 286] [GPU: 0.12GB]
[Epoch 374/2000] [ETA: 2 days, 0:56:22.699330] [Duration: 0:01:48.353435] [Loss: 0.000410] [Best: 0.000207 @ Epoch 286] [GPU: 0.12GB]
Checkpoint saved: ./Checkpoints/synthrad_safe_l4/ckpt_epoch_375.pt
[Epoch 375/2000] [ETA: 2 days, 1:00:35.781062] [Duration: 0:01:48.575857] [Loss: 0.000468] [Best: 0.000207 @ Epoch 286] [GPU: 0.12GB]
[Epoch 376/2000] [ETA: 2 days, 0:37:53.094917] [Duration: 0:01:47.803604] [Loss: 0.000311] [Best: 0.000207 @ Epoch 286] [GPU: 0.12GB]
[Epoch 377/2000] [ETA: 2 days, 0:28:53.796120] [Duration: 0:01:47.537750] [Loss: 0.000356] [Best: 0.000207 @ Epoch 286] [GPU: 0.12GB]
[Epoch 378/2000] [ETA: 2 days, 0:27:00.314544] [Duration: 0:01:47.534089] [Loss: 0.000342] [Best: 0.000207 @ Epoch 286] [GPU: 0.12GB]
[Epoch 379/2000] [ETA: 2 days, 0:26:44.761080] [Duration: 0:01:47.590838] [Loss: 0.000375] [Best: 0.000207 @ Epoch 286] [GPU: 0.12GB]
[Epoch 380/2000] [ETA: 2 days, 0:26:42.487321] [Duration: 0:01:47.655840] [Loss: 0.000295] [Best: 0.000207 @ Epoch 286] [GPU: 0.12GB]
[Epoch 381/2000] [ETA: 2 days, 0:22:10.334613] [Duration: 0:01:47.554234] [Loss: 0.000299] [Best: 0.000207 @ Epoch 286] [GPU: 0.12GB]
[Epoch 382/2000] [ETA: 2 days, 0:19:46.417347] [Duration: 0:01:47.531767] [Loss: 0.000629] [Best: 0.000207 @ Epoch 286] [GPU: 0.12GB]
[Epoch 383/2000] [ETA: 2 days, 0:16:51.236333] [Duration: 0:01:47.489925] [Loss: 0.000334] [Best: 0.000207 @ Epoch 286] [GPU: 0.12GB]
[Epoch 384/2000] [ETA: 2 days, 0:17:59.352867] [Duration: 0:01:47.598595] [Loss: 0.000374] [Best: 0.000207 @ Epoch 286] [GPU: 0.12GB]
[Epoch 385/2000] [ETA: 2 days, 0:11:06.366955] [Duration: 0:01:47.409507] [Loss: 0.000423] [Best: 0.000207 @ Epoch 286] [GPU: 0.12GB]
[Epoch 386/2000] [ETA: 2 days, 0:05:16.321634] [Duration: 0:01:47.259168] [Loss: 0.000268] [Best: 0.000207 @ Epoch 286] [GPU: 0.12GB]
[Epoch 387/2000] [ETA: 2 days, 0:18:16.618479] [Duration: 0:01:47.809421] [Loss: 0.000335] [Best: 0.000207 @ Epoch 286] [GPU: 0.12GB]
[Epoch 388/2000] [ETA: 2 days, 0:23:15.665034] [Duration: 0:01:48.061819] [Loss: 0.000410] [Best: 0.000207 @ Epoch 286] [GPU: 0.12GB]
[Epoch 389/2000] [ETA: 2 days, 0:15:49.315423] [Duration: 0:01:47.851820] [Loss: 0.000400] [Best: 0.000207 @ Epoch 286] [GPU: 0.12GB]
[Epoch 390/2000] [ETA: 2 days, 0:02:00.465405] [Duration: 0:01:47.404004] [Loss: 0.000341] [Best: 0.000207 @ Epoch 286] [GPU: 0.12GB]
[Epoch 391/2000] [ETA: 1 day, 23:57:39.238481] [Duration: 0:01:47.308398] [Loss: 0.000658] [Best: 0.000207 @ Epoch 286] [GPU: 0.12GB]
[Epoch 392/2000] [ETA: 1 day, 23:59:07.918945] [Duration: 0:01:47.430276] [Loss: 0.000321] [Best: 0.000207 @ Epoch 286] [GPU: 0.12GB]
[Epoch 393/2000] [ETA: 1 day, 23:55:43.139628] [Duration: 0:01:47.369707] [Loss: 0.000354] [Best: 0.000207 @ Epoch 286] [GPU: 0.12GB]
[Epoch 394/2000] [ETA: 2 days, 0:00:22.347137] [Duration: 0:01:47.610419] [Loss: 0.000311] [Best: 0.000207 @ Epoch 286] [GPU: 0.12GB]
[Epoch 395/2000] [ETA: 1 day, 23:46:26.209066] [Duration: 0:01:47.156503] [Loss: 0.000321] [Best: 0.000207 @ Epoch 286] [GPU: 0.12GB]
[Epoch 396/2000] [ETA: 1 day, 23:49:17.125989] [Duration: 0:01:47.329871] [Loss: 0.000322] [Best: 0.000207 @ Epoch 286] [GPU: 0.12GB]
[Epoch 397/2000] [ETA: 1 day, 23:49:46.561388] [Duration: 0:01:47.415186] [Loss: 0.000363] [Best: 0.000207 @ Epoch 286] [GPU: 0.12GB]
[Epoch 398/2000] [ETA: 1 day, 23:48:25.725470] [Duration: 0:01:47.431776] [Loss: 0.000417] [Best: 0.000207 @ Epoch 286] [GPU: 0.12GB]
[Epoch 399/2000] [ETA: 1 day, 23:48:46.060940] [Duration: 0:01:47.511575] [Loss: 0.000390] [Best: 0.000207 @ Epoch 286] [GPU: 0.12GB]
Checkpoint saved: ./Checkpoints/synthrad_safe_l4/ckpt_epoch_400.pt
[Epoch 400/2000] [ETA: 1 day, 23:46:05.613556] [Duration: 0:01:47.478497] [Loss: 0.000398] [Best: 0.000207 @ Epoch 286] [GPU: 0.12GB]
[Epoch 401/2000] [ETA: 2 days, 0:10:16.102359] [Duration: 0:01:48.452831] [Loss: 0.000383] [Best: 0.000207 @ Epoch 286] [GPU: 0.12GB]
[Epoch 402/2000] [ETA: 2 days, 0:02:54.980618] [Duration: 0:01:48.244661] [Loss: 0.000385] [Best: 0.000207 @ Epoch 286] [GPU: 0.12GB]
[Epoch 403/2000] [ETA: 1 day, 23:46:17.963253] [Duration: 0:01:47.688128] [Loss: 0.000356] [Best: 0.000207 @ Epoch 286] [GPU: 0.12GB]
[Epoch 404/2000] [ETA: 1 day, 23:41:00.184968] [Duration: 0:01:47.556492] [Loss: 0.000291] [Best: 0.000207 @ Epoch 286] [GPU: 0.12GB]
[Epoch 405/2000] [ETA: 1 day, 23:47:31.613181] [Duration: 0:01:47.869331] [Loss: 0.000380] [Best: 0.000207 @ Epoch 286] [GPU: 0.12GB]
[Epoch 406/2000] [ETA: 1 day, 23:33:05.494149] [Duration: 0:01:47.393651] [Loss: 0.000309] [Best: 0.000207 @ Epoch 286] [GPU: 0.12GB]
[Epoch 407/2000] [ETA: 1 day, 23:36:14.591221] [Duration: 0:01:47.579773] [Loss: 0.000320] [Best: 0.000207 @ Epoch 286] [GPU: 0.12GB]
[Epoch 408/2000] [ETA: 1 day, 23:30:34.206856] [Duration: 0:01:47.433534] [Loss: 0.000387] [Best: 0.000207 @ Epoch 286] [GPU: 0.12GB]
[Epoch 409/2000] [ETA: 1 day, 23:31:45.181505] [Duration: 0:01:47.545671] [Loss: 0.000351] [Best: 0.000207 @ Epoch 286] [GPU: 0.12GB]
[Epoch 410/2000] [ETA: 1 day, 23:18:17.969770] [Duration: 0:01:47.105633] [Loss: 0.000365] [Best: 0.000207 @ Epoch 286] [GPU: 0.12GB]
[Epoch 411/2000] [ETA: 1 day, 23:15:08.496324] [Duration: 0:01:47.053791] [Loss: 0.000433] [Best: 0.000207 @ Epoch 286] [GPU: 0.12GB]
[Epoch 412/2000] [ETA: 1 day, 23:19:36.952311] [Duration: 0:01:47.290254] [Loss: 0.000286] [Best: 0.000207 @ Epoch 286] [GPU: 0.12GB]
[Epoch 413/2000] [ETA: 1 day, 23:31:45.100601] [Duration: 0:01:47.816689] [Loss: 0.000290] [Best: 0.000207 @ Epoch 286] [GPU: 0.12GB]
[Epoch 414/2000] [ETA: 1 day, 23:23:52.805999] [Duration: 0:01:47.586869] [Loss: 0.000274] [Best: 0.000207 @ Epoch 286] [GPU: 0.12GB]
[Epoch 415/2000] [ETA: 1 day, 23:32:24.933755] [Duration: 0:01:47.977851] [Loss: 0.000410] [Best: 0.000207 @ Epoch 286] [GPU: 0.12GB]
[Epoch 416/2000] [ETA: 1 day, 23:42:12.153454] [Duration: 0:01:48.416746] [Loss: 0.000390] [Best: 0.000207 @ Epoch 286] [GPU: 0.12GB]
[Epoch 417/2000] [ETA: 1 day, 23:27:53.418126] [Duration: 0:01:47.942759] [Loss: 0.000344] [Best: 0.000207 @ Epoch 286] [GPU: 0.12GB]
[Epoch 418/2000] [ETA: 1 day, 23:20:05.460272] [Duration: 0:01:47.715188] [Loss: 0.000335] [Best: 0.000207 @ Epoch 286] [GPU: 0.12GB]
[Epoch 419/2000] [ETA: 1 day, 23:24:45.055204] [Duration: 0:01:47.960173] [Loss: 0.000274] [Best: 0.000207 @ Epoch 286] [GPU: 0.12GB]
[Epoch 420/2000] [ETA: 1 day, 23:11:28.111253] [Duration: 0:01:47.524109] [Loss: 0.000338] [Best: 0.000207 @ Epoch 286] [GPU: 0.12GB]
[Epoch 421/2000] [ETA: 1 day, 23:21:10.596260] [Duration: 0:01:47.961097] [Loss: 0.000287] [Best: 0.000207 @ Epoch 286] [GPU: 0.12GB]
[Epoch 422/2000] [ETA: 1 day, 23:34:30.072131] [Duration: 0:01:48.536159] [Loss: 0.000238] [Best: 0.000207 @ Epoch 286] [GPU: 0.12GB]
[Epoch 423/2000] [ETA: 1 day, 23:20:53.111603] [Duration: 0:01:48.086936] [Loss: 0.000330] [Best: 0.000207 @ Epoch 286] [GPU: 0.12GB]
[Epoch 424/2000] [ETA: 1 day, 23:13:47.154520] [Duration: 0:01:47.885242] [Loss: 0.000324] [Best: 0.000207 @ Epoch 286] [GPU: 0.12GB]
Checkpoint saved: ./Checkpoints/synthrad_safe_l4/ckpt_epoch_425.pt
[Epoch 425/2000] [ETA: 1 day, 23:02:19.744699] [Duration: 0:01:47.517282] [Loss: 0.000333] [Best: 0.000207 @ Epoch 286] [GPU: 0.12GB]
[Epoch 426/2000] [ETA: 1 day, 22:57:51.101487] [Duration: 0:01:47.414923] [Loss: 0.000250] [Best: 0.000207 @ Epoch 286] [GPU: 0.12GB]
[Epoch 427/2000] [ETA: 1 day, 23:01:29.441595] [Duration: 0:01:47.622006] [Loss: 0.000308] [Best: 0.000207 @ Epoch 286] [GPU: 0.12GB]
[Epoch 428/2000] [ETA: 1 day, 23:40:03.693466] [Duration: 0:01:49.162638] [Loss: 0.000318] [Best: 0.000207 @ Epoch 286] [GPU: 0.12GB]
[Epoch 429/2000] [ETA: 1 day, 23:34:30.472782] [Duration: 0:01:49.020020] [Loss: 0.000380] [Best: 0.000207 @ Epoch 286] [GPU: 0.12GB]
[Epoch 430/2000] [ETA: 1 day, 23:23:06.859798] [Duration: 0:01:48.654027] [Loss: 0.000362] [Best: 0.000207 @ Epoch 286] [GPU: 0.12GB]
[Epoch 431/2000] [ETA: 1 day, 23:15:02.876078] [Duration: 0:01:48.414822] [Loss: 0.000305] [Best: 0.000207 @ Epoch 286] [GPU: 0.12GB]
[Epoch 432/2000] [ETA: 1 day, 23:17:40.789955] [Duration: 0:01:48.584669] [Loss: 0.000265] [Best: 0.000207 @ Epoch 286] [GPU: 0.12GB]
[Epoch 433/2000] [ETA: 1 day, 23:28:27.910033] [Duration: 0:01:49.066941] [Loss: 0.000265] [Best: 0.000207 @ Epoch 286] [GPU: 0.12GB]
[Epoch 434/2000] [ETA: 1 day, 23:14:54.658623] [Duration: 0:01:48.617270] [Loss: 0.000374] [Best: 0.000207 @ Epoch 286] [GPU: 0.12GB]
[Epoch 435/2000] [ETA: 1 day, 22:53:38.670664] [Duration: 0:01:47.871344] [Loss: 0.000281] [Best: 0.000207 @ Epoch 286] [GPU: 0.12GB]
[Epoch 436/2000] [ETA: 1 day, 22:48:30.025573] [Duration: 0:01:47.742971] [Loss: 0.000325] [Best: 0.000207 @ Epoch 286] [GPU: 0.12GB]
[Epoch 437/2000] [ETA: 1 day, 22:46:12.509859] [Duration: 0:01:47.723921] [Loss: 0.000394] [Best: 0.000207 @ Epoch 286] [GPU: 0.12GB]
[Epoch 438/2000] [ETA: 1 day, 22:46:55.629032] [Duration: 0:01:47.820496] [Loss: 0.000341] [Best: 0.000207 @ Epoch 286] [GPU: 0.12GB]
[Epoch 439/2000] [ETA: 1 day, 22:46:55.446451] [Duration: 0:01:47.889446] [Loss: 0.000249] [Best: 0.000207 @ Epoch 286] [GPU: 0.12GB]
[Epoch 440/2000] [ETA: 1 day, 22:53:03.245516] [Duration: 0:01:48.194368] [Loss: 0.000417] [Best: 0.000207 @ Epoch 286] [GPU: 0.12GB]
[Epoch 441/2000] [ETA: 1 day, 22:44:17.053084] [Duration: 0:01:47.926256] [Loss: 0.000403] [Best: 0.000207 @ Epoch 286] [GPU: 0.12GB]
[Epoch 442/2000] [ETA: 1 day, 22:46:35.749180] [Duration: 0:01:48.084536] [Loss: 0.000305] [Best: 0.000207 @ Epoch 286] [GPU: 0.12GB]
[Epoch 443/2000] [ETA: 1 day, 22:47:13.322658] [Duration: 0:01:48.178102] [Loss: 0.000308] [Best: 0.000207 @ Epoch 286] [GPU: 0.12GB]
[Epoch 444/2000] [ETA: 1 day, 22:43:40.592188] [Duration: 0:01:48.110904] [Loss: 0.000262] [Best: 0.000207 @ Epoch 286] [GPU: 0.12GB]
[Epoch 445/2000] [ETA: 1 day, 23:06:13.719784] [Duration: 0:01:49.050608] [Loss: 0.000381] [Best: 0.000207 @ Epoch 286] [GPU: 0.12GB]
[Epoch 446/2000] [ETA: 1 day, 23:03:06.652825] [Duration: 0:01:49.000407] [Loss: 0.000340] [Best: 0.000207 @ Epoch 286] [GPU: 0.12GB]
[Epoch 447/2000] [ETA: 1 day, 23:04:59.015140] [Duration: 0:01:49.142946] [Loss: 0.000559] [Best: 0.000207 @ Epoch 286] [GPU: 0.12GB]
[Epoch 448/2000] [ETA: 1 day, 22:52:58.733032] [Duration: 0:01:48.749163] [Loss: 0.000307] [Best: 0.000207 @ Epoch 286] [GPU: 0.12GB]
[Epoch 449/2000] [ETA: 1 day, 22:36:57.186487] [Duration: 0:01:48.199332] [Loss: 0.000356] [Best: 0.000207 @ Epoch 286] [GPU: 0.12GB]
Checkpoint saved: ./Checkpoints/synthrad_safe_l4/ckpt_epoch_450.pt
[Epoch 450/2000] [ETA: 1 day, 22:29:14.894352] [Duration: 0:01:47.970884] [Loss: 0.000272] [Best: 0.000207 @ Epoch 286] [GPU: 0.12GB]
[Epoch 451/2000] [ETA: 1 day, 22:39:23.340163] [Duration: 0:01:48.433385] [Loss: 0.000286] [Best: 0.000207 @ Epoch 286] [GPU: 0.12GB]
[Epoch 452/2000] [ETA: 1 day, 22:56:57.968027] [Duration: 0:01:49.184720] [Loss: 0.000331] [Best: 0.000207 @ Epoch 286] [GPU: 0.12GB]
[Epoch 453/2000] [ETA: 1 day, 22:41:21.620595] [Duration: 0:01:48.650036] [Loss: 0.000359] [Best: 0.000207 @ Epoch 286] [GPU: 0.12GB]
[Epoch 454/2000] [ETA: 1 day, 22:35:30.531898] [Duration: 0:01:48.493216] [Loss: 0.000301] [Best: 0.000207 @ Epoch 286] [GPU: 0.12GB]
[Epoch 455/2000] [ETA: 1 day, 22:31:37.637612] [Duration: 0:01:48.412695] [Loss: 0.000290] [Best: 0.000207 @ Epoch 286] [GPU: 0.12GB]
[Epoch 456/2000] [ETA: 1 day, 22:20:37.284172] [Duration: 0:01:48.055215] [Loss: 0.000410] [Best: 0.000207 @ Epoch 286] [GPU: 0.12GB]
[Epoch 457/2000] [ETA: 1 day, 22:24:07.121655] [Duration: 0:01:48.261244] [Loss: 0.000317] [Best: 0.000207 @ Epoch 286] [GPU: 0.12GB]
[Epoch 458/2000] [ETA: 1 day, 22:20:31.069762] [Duration: 0:01:48.191346] [Loss: 0.000480] [Best: 0.000207 @ Epoch 286] [GPU: 0.12GB]
[Epoch 459/2000] [ETA: 1 day, 22:19:45.921460] [Duration: 0:01:48.232245] [Loss: 0.000325] [Best: 0.000207 @ Epoch 286] [GPU: 0.12GB]
[Epoch 460/2000] [ETA: 1 day, 22:18:08.320079] [Duration: 0:01:48.239160] [Loss: 0.000348] [Best: 0.000207 @ Epoch 286] [GPU: 0.12GB]
[Epoch 461/2000] [ETA: 1 day, 22:07:53.323548] [Duration: 0:01:47.909881] [Loss: 0.000353] [Best: 0.000207 @ Epoch 286] [GPU: 0.12GB]
[Epoch 462/2000] [ETA: 1 day, 22:06:35.829673] [Duration: 0:01:47.929660] [Loss: 0.000264] [Best: 0.000207 @ Epoch 286] [GPU: 0.12GB]
[Epoch 463/2000] [ETA: 1 day, 22:06:09.508277] [Duration: 0:01:47.982747] [Loss: 0.000249] [Best: 0.000207 @ Epoch 286] [GPU: 0.12GB]
[Epoch 464/2000] [ETA: 1 day, 22:02:28.673950] [Duration: 0:01:47.909284] [Loss: 0.000365] [Best: 0.000207 @ Epoch 286] [GPU: 0.12GB]
[Epoch 465/2000] [ETA: 1 day, 22:12:26.235975] [Duration: 0:01:48.368875] [Loss: 0.000336] [Best: 0.000207 @ Epoch 286] [GPU: 0.12GB]
[Epoch 466/2000] [ETA: 1 day, 22:00:46.251588] [Duration: 0:01:47.983202] [Loss: 0.000364] [Best: 0.000207 @ Epoch 286] [GPU: 0.12GB]
[Epoch 467/2000] [ETA: 1 day, 21:56:21.815753] [Duration: 0:01:47.881150] [Loss: 0.000265] [Best: 0.000207 @ Epoch 286] [GPU: 0.12GB]
[Epoch 468/2000] [ETA: 1 day, 22:02:48.648529] [Duration: 0:01:48.204053] [Loss: 0.000315] [Best: 0.000207 @ Epoch 286] [GPU: 0.12GB]
[Epoch 469/2000] [ETA: 1 day, 21:59:53.371873] [Duration: 0:01:48.160254] [Loss: 0.000313] [Best: 0.000207 @ Epoch 286] [GPU: 0.12GB]
[Epoch 470/2000] [ETA: 1 day, 22:28:48.753147] [Duration: 0:01:49.365184] [Loss: 0.000312] [Best: 0.000207 @ Epoch 286] [GPU: 0.12GB]
[Epoch 471/2000] [ETA: 1 day, 22:34:30.091647] [Duration: 0:01:49.659958] [Loss: 0.000262] [Best: 0.000207 @ Epoch 286] [GPU: 0.12GB]
[Epoch 472/2000] [ETA: 1 day, 22:14:41.531300] [Duration: 0:01:48.953870] [Loss: 0.000316] [Best: 0.000207 @ Epoch 286] [GPU: 0.12GB]
[Epoch 473/2000] [ETA: 1 day, 22:08:30.982030] [Duration: 0:01:48.782561] [Loss: 0.000380] [Best: 0.000207 @ Epoch 286] [GPU: 0.12GB]
[Epoch 474/2000] [ETA: 1 day, 21:47:45.965606] [Duration: 0:01:48.037971] [Loss: 0.000284] [Best: 0.000207 @ Epoch 286] [GPU: 0.12GB]
Checkpoint saved: ./Checkpoints/synthrad_safe_l4/ckpt_epoch_475.pt
[Epoch 475/2000] [ETA: 1 day, 21:54:45.329223] [Duration: 0:01:48.383806] [Loss: 0.000327] [Best: 0.000207 @ Epoch 286] [GPU: 0.12GB]
[Epoch 476/2000] [ETA: 1 day, 21:48:53.238982] [Duration: 0:01:48.223888] [Loss: 0.000352] [Best: 0.000207 @ Epoch 286] [GPU: 0.12GB]
[Epoch 477/2000] [ETA: 1 day, 22:10:41.176414] [Duration: 0:01:49.153745] [Loss: 0.000359] [Best: 0.000207 @ Epoch 286] [GPU: 0.12GB]
[Epoch 478/2000] [ETA: 1 day, 22:00:01.002901] [Duration: 0:01:48.804852] [Loss: 0.000450] [Best: 0.000207 @ Epoch 286] [GPU: 0.12GB]
[Epoch 479/2000] [ETA: 1 day, 21:40:21.969599] [Duration: 0:01:48.101218] [Loss: 0.000561] [Best: 0.000207 @ Epoch 286] [GPU: 0.12GB]
[Epoch 480/2000] [ETA: 1 day, 21:36:37.606220] [Duration: 0:01:48.024728] [Loss: 0.000352] [Best: 0.000207 @ Epoch 286] [GPU: 0.12GB]
[Epoch 481/2000] [ETA: 1 day, 21:34:56.363609] [Duration: 0:01:48.029197] [Loss: 0.000276] [Best: 0.000207 @ Epoch 286] [GPU: 0.12GB]
[Epoch 482/2000] [ETA: 1 day, 21:31:54.130430] [Duration: 0:01:47.980314] [Loss: 0.000383] [Best: 0.000207 @ Epoch 286] [GPU: 0.12GB]
[Epoch 483/2000] [ETA: 1 day, 21:27:56.965254] [Duration: 0:01:47.895151] [Loss: 0.000333] [Best: 0.000207 @ Epoch 286] [GPU: 0.12GB]
[Epoch 484/2000] [ETA: 1 day, 21:21:26.928745] [Duration: 0:01:47.709042] [Loss: 0.000313] [Best: 0.000207 @ Epoch 286] [GPU: 0.12GB]
[Epoch 485/2000] [ETA: 1 day, 21:20:43.827914] [Duration: 0:01:47.751693] [Loss: 0.000354] [Best: 0.000207 @ Epoch 286] [GPU: 0.12GB]
[Epoch 486/2000] [ETA: 1 day, 21:13:48.142847] [Duration: 0:01:47.548289] [Loss: 0.000338] [Best: 0.000207 @ Epoch 286] [GPU: 0.12GB]
[Epoch 487/2000] [ETA: 1 day, 21:43:16.979685] [Duration: 0:01:48.788474] [Loss: 0.000259] [Best: 0.000207 @ Epoch 286] [GPU: 0.12GB]
[Epoch 488/2000] [ETA: 1 day, 21:36:33.646179] [Duration: 0:01:48.593673] [Loss: 0.000326] [Best: 0.000207 @ Epoch 286] [GPU: 0.12GB]
[Epoch 489/2000] [ETA: 1 day, 21:22:25.345158] [Duration: 0:01:48.104112] [Loss: 0.000277] [Best: 0.000207 @ Epoch 286] [GPU: 0.12GB]
[Epoch 490/2000] [ETA: 1 day, 21:26:18.942146] [Duration: 0:01:48.330411] [Loss: 0.000425] [Best: 0.000207 @ Epoch 286] [GPU: 0.12GB]
[Epoch 491/2000] [ETA: 1 day, 21:18:34.224275] [Duration: 0:01:48.094234] [Loss: 0.000404] [Best: 0.000207 @ Epoch 286] [GPU: 0.12GB]
[Epoch 492/2000] [ETA: 1 day, 21:08:31.466012] [Duration: 0:01:47.766213] [Loss: 0.000296] [Best: 0.000207 @ Epoch 286] [GPU: 0.12GB]
[Epoch 493/2000] [ETA: 1 day, 21:17:09.742482] [Duration: 0:01:48.181633] [Loss: 0.000418] [Best: 0.000207 @ Epoch 286] [GPU: 0.12GB]
[Epoch 494/2000] [ETA: 1 day, 21:16:47.536287] [Duration: 0:01:48.238722] [Loss: 0.000283] [Best: 0.000207 @ Epoch 286] [GPU: 0.12GB]
[Epoch 495/2000] [ETA: 1 day, 21:16:29.299285] [Duration: 0:01:48.298523] [Loss: 0.000268] [Best: 0.000207 @ Epoch 286] [GPU: 0.12GB]
[Epoch 496/2000] [ETA: 1 day, 21:31:33.815750] [Duration: 0:01:48.971939] [Loss: 0.000263] [Best: 0.000207 @ Epoch 286] [GPU: 0.12GB]
[Epoch 497/2000] [ETA: 1 day, 21:23:01.541870] [Duration: 0:01:48.703612] [Loss: 0.000412] [Best: 0.000207 @ Epoch 286] [GPU: 0.12GB]
[Epoch 498/2000] [ETA: 1 day, 21:43:49.839506] [Duration: 0:01:49.607070] [Loss: 0.000232] [Best: 0.000207 @ Epoch 286] [GPU: 0.12GB]
[Epoch 499/2000] [ETA: 1 day, 21:38:35.359699] [Duration: 0:01:49.470577] [Loss: 0.000529] [Best: 0.000207 @ Epoch 286] [GPU: 0.12GB]
Checkpoint saved: ./Checkpoints/synthrad_safe_l4/ckpt_epoch_500.pt
[Epoch 500/2000] [ETA: 1 day, 21:32:18.930273] [Duration: 0:01:49.292607] [Loss: 0.000271] [Best: 0.000207 @ Epoch 286] [GPU: 0.12GB]
[Epoch 501/2000] [ETA: 1 day, 21:15:07.984942] [Duration: 0:01:48.677766] [Loss: 0.000322] [Best: 0.000207 @ Epoch 286] [GPU: 0.12GB]
[Epoch 502/2000] [ETA: 1 day, 21:08:15.227707] [Duration: 0:01:48.474771] [Loss: 0.000365] [Best: 0.000207 @ Epoch 286] [GPU: 0.12GB]
[Epoch 503/2000] [ETA: 1 day, 21:08:01.583176] [Duration: 0:01:48.538124] [Loss: 0.000265] [Best: 0.000207 @ Epoch 286] [GPU: 0.12GB]
[Epoch 504/2000] [ETA: 1 day, 21:02:35.496256] [Duration: 0:01:48.392703] [Loss: 0.000269] [Best: 0.000207 @ Epoch 286] [GPU: 0.12GB]
[Epoch 505/2000] [ETA: 1 day, 21:03:46.634898] [Duration: 0:01:48.512790] [Loss: 0.000317] [Best: 0.000207 @ Epoch 286] [GPU: 0.12GB]
[Epoch 506/2000] [ETA: 1 day, 21:02:26.301584] [Duration: 0:01:48.531650] [Loss: 0.000328] [Best: 0.000207 @ Epoch 286] [GPU: 0.12GB]
[Epoch 507/2000] [ETA: 1 day, 20:58:24.454046] [Duration: 0:01:48.442353] [Loss: 0.000286] [Best: 0.000207 @ Epoch 286] [GPU: 0.12GB]
[Epoch 508/2000] [ETA: 1 day, 21:00:07.291882] [Duration: 0:01:48.583967] [Loss: 0.000315] [Best: 0.000207 @ Epoch 286] [GPU: 0.12GB]
[Epoch 509/2000] [ETA: 1 day, 20:56:37.947571] [Duration: 0:01:48.516382] [Loss: 0.000295] [Best: 0.000207 @ Epoch 286] [GPU: 0.12GB]
[Epoch 510/2000] [ETA: 1 day, 21:02:20.556192] [Duration: 0:01:48.819157] [Loss: 0.000385] [Best: 0.000207 @ Epoch 286] [GPU: 0.12GB]
[Epoch 511/2000] [ETA: 1 day, 20:58:39.544713] [Duration: 0:01:48.743809] [Loss: 0.000334] [Best: 0.000207 @ Epoch 286] [GPU: 0.12GB]
[Epoch 512/2000] [ETA: 1 day, 21:01:42.427757] [Duration: 0:01:48.939788] [Loss: 0.000262] [Best: 0.000207 @ Epoch 286] [GPU: 0.12GB]
[Epoch 513/2000] [ETA: 1 day, 20:59:30.436515] [Duration: 0:01:48.924288] [Loss: 0.000380] [Best: 0.000207 @ Epoch 286] [GPU: 0.12GB]
[Epoch 514/2000] [ETA: 1 day, 21:01:31.188506] [Duration: 0:01:49.078853] [Loss: 0.000269] [Best: 0.000207 @ Epoch 286] [GPU: 0.12GB]
[Epoch 515/2000] [ETA: 1 day, 21:06:59.170754] [Duration: 0:01:49.373169] [Loss: 0.000418] [Best: 0.000207 @ Epoch 286] [GPU: 0.12GB]
[Epoch 516/2000] [ETA: 1 day, 21:07:28.358243] [Duration: 0:01:49.466529] [Loss: 0.000272] [Best: 0.000207 @ Epoch 286] [GPU: 0.12GB]
[Epoch 517/2000] [ETA: 1 day, 21:01:52.342914] [Duration: 0:01:49.313777] [Loss: 0.000397] [Best: 0.000207 @ Epoch 286] [GPU: 0.12GB]
🎉 New best model! Loss: 0.000186 (Epoch 518)
Best model saved: ./Checkpoints/synthrad_safe_l4/best_model.pt
[Epoch 518/2000] [ETA: 1 day, 21:05:44.584524] [Duration: 0:01:49.544244] [Loss: 0.000186] [Best: 0.000186 @ Epoch 518] [GPU: 0.12GB]
[Epoch 519/2000] [ETA: 1 day, 20:51:22.011296] [Duration: 0:01:49.035779] [Loss: 0.000433] [Best: 0.000186 @ Epoch 518] [GPU: 0.12GB]
[Epoch 520/2000] [ETA: 1 day, 20:43:20.382690] [Duration: 0:01:48.784025] [Loss: 0.000314] [Best: 0.000186 @ Epoch 518] [GPU: 0.12GB]
[Epoch 521/2000] [ETA: 1 day, 20:49:05.350747] [Duration: 0:01:49.090825] [Loss: 0.000290] [Best: 0.000186 @ Epoch 518] [GPU: 0.12GB]
[Epoch 522/2000] [ETA: 1 day, 20:38:30.902114] [Duration: 0:01:48.735372] [Loss: 0.000304] [Best: 0.000186 @ Epoch 518] [GPU: 0.12GB]
[Epoch 523/2000] [ETA: 1 day, 20:34:01.874542] [Duration: 0:01:48.626848] [Loss: 0.000323] [Best: 0.000186 @ Epoch 518] [GPU: 0.12GB]
[Epoch 524/2000] [ETA: 1 day, 20:33:57.958666] [Duration: 0:01:48.697787] [Loss: 0.000305] [Best: 0.000186 @ Epoch 518] [GPU: 0.12GB]
Checkpoint saved: ./Checkpoints/synthrad_safe_l4/ckpt_epoch_525.pt
[Epoch 525/2000] [ETA: 1 day, 20:30:59.986252] [Duration: 0:01:48.650829] [Loss: 0.000340] [Best: 0.000186 @ Epoch 518] [GPU: 0.12GB]
[Epoch 526/2000] [ETA: 1 day, 20:34:20.103380] [Duration: 0:01:48.860298] [Loss: 0.000367] [Best: 0.000186 @ Epoch 518] [GPU: 0.12GB]
[Epoch 527/2000] [ETA: 1 day, 20:27:19.640455] [Duration: 0:01:48.648763] [Loss: 0.000267] [Best: 0.000186 @ Epoch 518] [GPU: 0.12GB]
[Epoch 528/2000] [ETA: 1 day, 20:22:47.272507] [Duration: 0:01:48.537540] [Loss: 0.000473] [Best: 0.000186 @ Epoch 518] [GPU: 0.12GB]
[Epoch 529/2000] [ETA: 1 day, 20:22:18.592824] [Duration: 0:01:48.591828] [Loss: 0.000353] [Best: 0.000186 @ Epoch 518] [GPU: 0.12GB]
[Epoch 530/2000] [ETA: 1 day, 20:17:20.694201] [Duration: 0:01:48.463040] [Loss: 0.000390] [Best: 0.000186 @ Epoch 518] [GPU: 0.12GB]
[Epoch 531/2000] [ETA: 1 day, 20:19:38.276063] [Duration: 0:01:48.630538] [Loss: 0.000339] [Best: 0.000186 @ Epoch 518] [GPU: 0.12GB]
[Epoch 532/2000] [ETA: 1 day, 20:20:37.151984] [Duration: 0:01:48.744645] [Loss: 0.000374] [Best: 0.000186 @ Epoch 518] [GPU: 0.12GB]
[Epoch 533/2000] [ETA: 1 day, 20:17:30.945971] [Duration: 0:01:48.691833] [Loss: 0.000330] [Best: 0.000186 @ Epoch 518] [GPU: 0.12GB]
[Epoch 534/2000] [ETA: 1 day, 20:07:13.744177] [Duration: 0:01:48.344967] [Loss: 0.000322] [Best: 0.000186 @ Epoch 518] [GPU: 0.12GB]
[Epoch 535/2000] [ETA: 1 day, 20:09:13.635520] [Duration: 0:01:48.500762] [Loss: 0.000292] [Best: 0.000186 @ Epoch 518] [GPU: 0.12GB]
[Epoch 536/2000] [ETA: 1 day, 20:11:41.967493] [Duration: 0:01:48.676195] [Loss: 0.000276] [Best: 0.000186 @ Epoch 518] [GPU: 0.12GB]
[Epoch 537/2000] [ETA: 1 day, 20:05:15.723376] [Duration: 0:01:48.486468] [Loss: 0.000332] [Best: 0.000186 @ Epoch 518] [GPU: 0.12GB]
[Epoch 538/2000] [ETA: 1 day, 20:16:31.426273] [Duration: 0:01:49.022855] [Loss: 0.000284] [Best: 0.000186 @ Epoch 518] [GPU: 0.12GB]
[Epoch 539/2000] [ETA: 1 day, 20:10:56.727665] [Duration: 0:01:48.868388] [Loss: 0.000367] [Best: 0.000186 @ Epoch 518] [GPU: 0.12GB]
[Epoch 540/2000] [ETA: 1 day, 20:09:22.155371] [Duration: 0:01:48.878171] [Loss: 0.000377] [Best: 0.000186 @ Epoch 518] [GPU: 0.12GB]
[Epoch 541/2000] [ETA: 1 day, 20:20:00.941703] [Duration: 0:01:49.390625] [Loss: 0.000349] [Best: 0.000186 @ Epoch 518] [GPU: 0.12GB]
[Epoch 542/2000] [ETA: 1 day, 20:08:18.595478] [Duration: 0:01:48.983940] [Loss: 0.000296] [Best: 0.000186 @ Epoch 518] [GPU: 0.12GB]
[Epoch 543/2000] [ETA: 1 day, 20:27:10.551034] [Duration: 0:01:49.835648] [Loss: 0.000243] [Best: 0.000186 @ Epoch 518] [GPU: 0.12GB]
[Epoch 544/2000] [ETA: 1 day, 20:32:41.190800] [Duration: 0:01:50.138172] [Loss: 0.000451] [Best: 0.000186 @ Epoch 518] [GPU: 0.12GB]
[Epoch 545/2000] [ETA: 1 day, 20:05:59.670889] [Duration: 0:01:49.113167] [Loss: 0.000319] [Best: 0.000186 @ Epoch 518] [GPU: 0.12GB]
[Epoch 546/2000] [ETA: 1 day, 20:00:02.002400] [Duration: 0:01:48.942221] [Loss: 0.000227] [Best: 0.000186 @ Epoch 518] [GPU: 0.12GB]
[Epoch 547/2000] [ETA: 1 day, 19:56:47.517791] [Duration: 0:01:48.883349] [Loss: 0.000298] [Best: 0.000186 @ Epoch 518] [GPU: 0.12GB]
[Epoch 548/2000] [ETA: 1 day, 19:52:56.135227] [Duration: 0:01:48.798975] [Loss: 0.000303] [Best: 0.000186 @ Epoch 518] [GPU: 0.12GB]
[Epoch 549/2000] [ETA: 1 day, 19:50:18.385314] [Duration: 0:01:48.765241] [Loss: 0.000238] [Best: 0.000186 @ Epoch 518] [GPU: 0.12GB]
Checkpoint saved: ./Checkpoints/synthrad_safe_l4/ckpt_epoch_550.pt
[Epoch 550/2000] [ETA: 1 day, 19:49:19.227622] [Duration: 0:01:48.799445] [Loss: 0.000252] [Best: 0.000186 @ Epoch 518] [GPU: 0.12GB]
[Epoch 551/2000] [ETA: 1 day, 19:46:25.037873] [Duration: 0:01:48.754331] [Loss: 0.000263] [Best: 0.000186 @ Epoch 518] [GPU: 0.12GB]
[Epoch 552/2000] [ETA: 1 day, 19:56:34.251328] [Duration: 0:01:49.250165] [Loss: 0.000220] [Best: 0.000186 @ Epoch 518] [GPU: 0.12GB]
[Epoch 553/2000] [ETA: 1 day, 19:43:16.063456] [Duration: 0:01:48.774049] [Loss: 0.000309] [Best: 0.000186 @ Epoch 518] [GPU: 0.12GB]
[Epoch 554/2000] [ETA: 1 day, 19:39:00.483803] [Duration: 0:01:48.672526] [Loss: 0.000406] [Best: 0.000186 @ Epoch 518] [GPU: 0.12GB]
[Epoch 555/2000] [ETA: 1 day, 19:35:30.798138] [Duration: 0:01:48.602614] [Loss: 0.000271] [Best: 0.000186 @ Epoch 518] [GPU: 0.12GB]
[Epoch 556/2000] [ETA: 1 day, 19:32:44.004531] [Duration: 0:01:48.562316] [Loss: 0.000335] [Best: 0.000186 @ Epoch 518] [GPU: 0.12GB]
[Epoch 557/2000] [ETA: 1 day, 19:27:59.922265] [Duration: 0:01:48.440676] [Loss: 0.000445] [Best: 0.000186 @ Epoch 518] [GPU: 0.12GB]
[Epoch 558/2000] [ETA: 1 day, 19:31:23.044106] [Duration: 0:01:48.656742] [Loss: 0.000268] [Best: 0.000186 @ Epoch 518] [GPU: 0.12GB]
[Epoch 559/2000] [ETA: 1 day, 19:30:22.662503] [Duration: 0:01:48.690240] [Loss: 0.000362] [Best: 0.000186 @ Epoch 518] [GPU: 0.12GB]
[Epoch 560/2000] [ETA: 1 day, 19:25:32.490463] [Duration: 0:01:48.564220] [Loss: 0.000308] [Best: 0.000186 @ Epoch 518] [GPU: 0.12GB]
[Epoch 561/2000] [ETA: 1 day, 19:19:06.695907] [Duration: 0:01:48.371560] [Loss: 0.000273] [Best: 0.000186 @ Epoch 518] [GPU: 0.12GB]
[Epoch 562/2000] [ETA: 1 day, 19:20:29.313850] [Duration: 0:01:48.504381] [Loss: 0.000283] [Best: 0.000186 @ Epoch 518] [GPU: 0.12GB]
[Epoch 563/2000] [ETA: 1 day, 19:20:39.711735] [Duration: 0:01:48.587125] [Loss: 0.000444] [Best: 0.000186 @ Epoch 518] [GPU: 0.12GB]
[Epoch 564/2000] [ETA: 1 day, 19:28:29.871455] [Duration: 0:01:48.990144] [Loss: 0.000401] [Best: 0.000186 @ Epoch 518] [GPU: 0.12GB]
[Epoch 565/2000] [ETA: 1 day, 19:34:54.416747] [Duration: 0:01:49.334075] [Loss: 0.000262] [Best: 0.000186 @ Epoch 518] [GPU: 0.12GB]
[Epoch 566/2000] [ETA: 1 day, 19:30:10.208538] [Duration: 0:01:49.212126] [Loss: 0.000314] [Best: 0.000186 @ Epoch 518] [GPU: 0.12GB]
[Epoch 567/2000] [ETA: 1 day, 19:26:56.572030] [Duration: 0:01:49.153204] [Loss: 0.000239] [Best: 0.000186 @ Epoch 518] [GPU: 0.12GB]
[Epoch 568/2000] [ETA: 1 day, 19:32:21.827572] [Duration: 0:01:49.456567] [Loss: 0.000273] [Best: 0.000186 @ Epoch 518] [GPU: 0.12GB]
[Epoch 569/2000] [ETA: 1 day, 19:25:30.148225] [Duration: 0:01:49.245366] [Loss: 0.000304] [Best: 0.000186 @ Epoch 518] [GPU: 0.12GB]
[Epoch 570/2000] [ETA: 1 day, 19:44:53.837895] [Duration: 0:01:50.135532] [Loss: 0.000298] [Best: 0.000186 @ Epoch 518] [GPU: 0.12GB]
[Epoch 571/2000] [ETA: 1 day, 19:22:45.252652] [Duration: 0:01:49.282878] [Loss: 0.000364] [Best: 0.000186 @ Epoch 518] [GPU: 0.12GB]
[Epoch 572/2000] [ETA: 1 day, 19:29:30.958643] [Duration: 0:01:49.643515] [Loss: 0.000337] [Best: 0.000186 @ Epoch 518] [GPU: 0.12GB]
[Epoch 573/2000] [ETA: 1 day, 19:11:42.462392] [Duration: 0:01:48.971584] [Loss: 0.000351] [Best: 0.000186 @ Epoch 518] [GPU: 0.12GB]
[Epoch 574/2000] [ETA: 1 day, 19:49:06.891394] [Duration: 0:01:50.621935] [Loss: 0.000242] [Best: 0.000186 @ Epoch 518] [GPU: 0.12GB]
